2022-09-19 23:36:19,902 INFO    StreamThr :23812 [internal.py:wandb_internal():88] W&B internal server running at pid: 23812, started at: 2022-09-19 23:36:19.901473
2022-09-19 23:36:19,905 DEBUG   HandlerThread:23812 [handler.py:handle_request():138] handle_request: status
2022-09-19 23:36:19,908 DEBUG   SenderThread:23812 [sender.py:send_request():315] send_request: status
2022-09-19 23:36:19,911 INFO    WriterThread:23812 [datastore.py:open_for_write():75] open: C:\Users\ary93\OneDrive - Bob Jones University\Year 4 S1\CpS 499\MyAi\wandb\run-20220919_233619-31vj5wi3\run-31vj5wi3.wandb
2022-09-19 23:36:19,912 DEBUG   SenderThread:23812 [sender.py:send():301] send: header
2022-09-19 23:36:19,913 DEBUG   SenderThread:23812 [sender.py:send():301] send: run
2022-09-19 23:36:20,159 DEBUG   HandlerThread:23812 [handler.py:handle_request():138] handle_request: check_version
2022-09-19 23:36:20,160 INFO    SenderThread:23812 [dir_watcher.py:__init__():216] watching files in: C:\Users\ary93\OneDrive - Bob Jones University\Year 4 S1\CpS 499\MyAi\wandb\run-20220919_233619-31vj5wi3\files
2022-09-19 23:36:20,161 INFO    SenderThread:23812 [sender.py:_start_run_threads():912] run started: 31vj5wi3 with start time 1663644979.903475
2022-09-19 23:36:20,161 DEBUG   SenderThread:23812 [sender.py:send():301] send: summary
2022-09-19 23:36:20,161 INFO    SenderThread:23812 [sender.py:_save_file():1155] saving file wandb-summary.json with policy end
2022-09-19 23:36:20,162 DEBUG   SenderThread:23812 [sender.py:send_request():315] send_request: check_version
2022-09-19 23:36:20,259 DEBUG   HandlerThread:23812 [handler.py:handle_request():138] handle_request: run_start
2022-09-19 23:36:20,329 DEBUG   HandlerThread:23812 [meta.py:__init__():34] meta init
2022-09-19 23:36:20,329 DEBUG   HandlerThread:23812 [meta.py:__init__():49] meta init done
2022-09-19 23:36:20,329 DEBUG   HandlerThread:23812 [meta.py:probe():215] probe
2022-09-19 23:36:20,362 DEBUG   HandlerThread:23812 [git.py:repo():40] git repository is invalid
2022-09-19 23:36:20,362 DEBUG   HandlerThread:23812 [meta.py:_save_code():87] save code
2022-09-19 23:36:20,379 DEBUG   HandlerThread:23812 [meta.py:_save_code():108] save code done
2022-09-19 23:36:20,379 DEBUG   HandlerThread:23812 [meta.py:_save_pip():53] save pip
2022-09-19 23:36:20,380 DEBUG   HandlerThread:23812 [meta.py:_save_pip():67] save pip done
2022-09-19 23:36:20,381 DEBUG   HandlerThread:23812 [meta.py:probe():253] probe done
2022-09-19 23:36:20,445 DEBUG   SenderThread:23812 [sender.py:send():301] send: files
2022-09-19 23:36:20,445 INFO    SenderThread:23812 [sender.py:_save_file():1155] saving file wandb-metadata.json with policy now
2022-09-19 23:36:20,447 INFO    SenderThread:23812 [sender.py:_save_file():1155] saving file code\train.py with policy now
2022-09-19 23:36:20,462 DEBUG   HandlerThread:23812 [handler.py:handle_request():138] handle_request: stop_status
2022-09-19 23:36:20,464 DEBUG   SenderThread:23812 [sender.py:send_request():315] send_request: stop_status
2022-09-19 23:36:20,561 DEBUG   SenderThread:23812 [sender.py:send():301] send: telemetry
2022-09-19 23:36:20,771 INFO    Thread-22 :23812 [upload_job.py:push():119] Skipped uploading C:\Users\ary93\AppData\Local\Temp\tmp97ryxstswandb\fyl0r283-code/train.py
2022-09-19 23:36:20,945 INFO    Thread-21 :23812 [upload_job.py:push():139] Uploaded file C:\Users\ary93\AppData\Local\Temp\tmp97ryxstswandb\1iqg2u8g-wandb-metadata.json
2022-09-19 23:36:21,142 INFO    HandlerThread:23812 [handler.py:handle_tbrecord():724] handling tbrecord: tbrecord {
  log_dir: "logs/1663644978/PPO_0"
  save: true
}
control {
  relay_id: "f1ca4a6f55504c24975f60ae564b84ed"
}
_info {
  stream_id: "31vj5wi3"
}

2022-09-19 23:36:21,142 DEBUG   HandlerThread:23812 [config_util.py:dict_from_config_file():100] no default config file found in config-defaults.yaml
2022-09-19 23:36:21,171 INFO    Thread-17 :23812 [dir_watcher.py:_on_file_created():275] file/dir created: C:\Users\ary93\OneDrive - Bob Jones University\Year 4 S1\CpS 499\MyAi\wandb\run-20220919_233619-31vj5wi3\files\requirements.txt
2022-09-19 23:36:21,172 INFO    Thread-17 :23812 [dir_watcher.py:_on_file_created():275] file/dir created: C:\Users\ary93\OneDrive - Bob Jones University\Year 4 S1\CpS 499\MyAi\wandb\run-20220919_233619-31vj5wi3\files\wandb-metadata.json
2022-09-19 23:36:21,173 INFO    Thread-17 :23812 [dir_watcher.py:_on_file_created():275] file/dir created: C:\Users\ary93\OneDrive - Bob Jones University\Year 4 S1\CpS 499\MyAi\wandb\run-20220919_233619-31vj5wi3\files\code\train.py
2022-09-19 23:36:21,173 INFO    Thread-17 :23812 [dir_watcher.py:_on_file_created():275] file/dir created: C:\Users\ary93\OneDrive - Bob Jones University\Year 4 S1\CpS 499\MyAi\wandb\run-20220919_233619-31vj5wi3\files\wandb-summary.json
2022-09-19 23:36:21,174 INFO    Thread-17 :23812 [dir_watcher.py:_on_file_created():275] file/dir created: C:\Users\ary93\OneDrive - Bob Jones University\Year 4 S1\CpS 499\MyAi\wandb\run-20220919_233619-31vj5wi3\files\output.log
2022-09-19 23:36:21,175 INFO    Thread-17 :23812 [dir_watcher.py:_on_file_created():275] file/dir created: C:\Users\ary93\OneDrive - Bob Jones University\Year 4 S1\CpS 499\MyAi\wandb\run-20220919_233619-31vj5wi3\files\code
2022-09-19 23:36:21,193 DEBUG   SenderThread:23812 [sender.py:send():301] send: tbrecord
2022-09-19 23:36:21,196 DEBUG   Thread-24 :23812 [tb_watcher.py:_process_events():274] Encountered tensorboard directory watcher error: [WinError 1314] A required privilege is not held by the client: 'C:\\Users\\ary93\\OneDrive - Bob Jones University\\Year 4 S1\\CpS 499\\MyAi\\logs\\1663644978\\PPO_0\\events.out.tfevents.1663644981.XANDER-LAPTOP.24712.0' -> 'C:\\Users\\ary93\\OneDrive - Bob Jones University\\Year 4 S1\\CpS 499\\MyAi\\wandb\\run-20220919_233619-31vj5wi3\\files\\events.out.tfevents.1663644981.XANDER-LAPTOP.24712.0'
2022-09-19 23:36:23,197 INFO    Thread-17 :23812 [dir_watcher.py:_on_file_modified():292] file/dir modified: C:\Users\ary93\OneDrive - Bob Jones University\Year 4 S1\CpS 499\MyAi\wandb\run-20220919_233619-31vj5wi3\files\output.log
2022-09-19 23:36:35,576 DEBUG   HandlerThread:23812 [handler.py:handle_request():138] handle_request: stop_status
2022-09-19 23:36:35,577 DEBUG   SenderThread:23812 [sender.py:send_request():315] send_request: stop_status
2022-09-19 23:36:46,135 DEBUG   SenderThread:23812 [sender.py:send():301] send: exit
2022-09-19 23:36:46,135 INFO    SenderThread:23812 [sender.py:send_exit():437] handling exit code: 255
2022-09-19 23:36:46,136 INFO    SenderThread:23812 [sender.py:send_exit():439] handling runtime: 25
2022-09-19 23:36:46,137 DEBUG   HandlerThread:23812 [handler.py:handle_request():138] handle_request: poll_exit
2022-09-19 23:36:46,137 INFO    SenderThread:23812 [sender.py:_save_file():1155] saving file wandb-summary.json with policy end
2022-09-19 23:36:46,138 INFO    SenderThread:23812 [sender.py:send_exit():445] send defer
2022-09-19 23:36:46,138 DEBUG   SenderThread:23812 [sender.py:send_request():315] send_request: poll_exit
2022-09-19 23:36:46,139 DEBUG   HandlerThread:23812 [handler.py:handle_request():138] handle_request: defer
2022-09-19 23:36:46,139 INFO    HandlerThread:23812 [handler.py:handle_request_defer():161] handle defer: 0
2022-09-19 23:36:46,140 DEBUG   SenderThread:23812 [sender.py:send_request():315] send_request: defer
2022-09-19 23:36:46,140 INFO    SenderThread:23812 [sender.py:send_request_defer():454] handle sender defer: 0
2022-09-19 23:36:46,140 INFO    SenderThread:23812 [sender.py:transition_state():458] send defer: 1
2022-09-19 23:36:46,141 DEBUG   HandlerThread:23812 [handler.py:handle_request():138] handle_request: defer
2022-09-19 23:36:46,141 INFO    HandlerThread:23812 [handler.py:handle_request_defer():161] handle defer: 1
2022-09-19 23:36:46,201 DEBUG   SenderThread:23812 [sender.py:send_request():315] send_request: defer
2022-09-19 23:36:46,201 INFO    SenderThread:23812 [sender.py:send_request_defer():454] handle sender defer: 1
2022-09-19 23:36:46,201 INFO    SenderThread:23812 [sender.py:transition_state():458] send defer: 2
2022-09-19 23:36:46,203 DEBUG   SenderThread:23812 [sender.py:send():301] send: stats
2022-09-19 23:36:46,203 DEBUG   HandlerThread:23812 [handler.py:handle_request():138] handle_request: defer
2022-09-19 23:36:46,204 INFO    HandlerThread:23812 [handler.py:handle_request_defer():161] handle defer: 2
2022-09-19 23:36:46,204 DEBUG   SenderThread:23812 [sender.py:send_request():315] send_request: defer
2022-09-19 23:36:46,204 INFO    SenderThread:23812 [sender.py:send_request_defer():454] handle sender defer: 2
2022-09-19 23:36:46,204 INFO    SenderThread:23812 [sender.py:transition_state():458] send defer: 3
2022-09-19 23:36:46,205 DEBUG   HandlerThread:23812 [handler.py:handle_request():138] handle_request: defer
2022-09-19 23:36:46,205 INFO    HandlerThread:23812 [handler.py:handle_request_defer():161] handle defer: 3
2022-09-19 23:36:46,394 INFO    Thread-17 :23812 [dir_watcher.py:_on_file_modified():292] file/dir modified: C:\Users\ary93\OneDrive - Bob Jones University\Year 4 S1\CpS 499\MyAi\wandb\run-20220919_233619-31vj5wi3\files\wandb-summary.json
2022-09-19 23:36:48,414 INFO    Thread-17 :23812 [dir_watcher.py:_on_file_modified():292] file/dir modified: C:\Users\ary93\OneDrive - Bob Jones University\Year 4 S1\CpS 499\MyAi\wandb\run-20220919_233619-31vj5wi3\files\output.log
2022-09-19 23:36:50,430 INFO    Thread-17 :23812 [dir_watcher.py:_on_file_modified():292] file/dir modified: C:\Users\ary93\OneDrive - Bob Jones University\Year 4 S1\CpS 499\MyAi\wandb\run-20220919_233619-31vj5wi3\files\config.yaml
2022-09-19 23:36:52,376 DEBUG   SenderThread:23812 [sender.py:send_request():315] send_request: defer
2022-09-19 23:36:52,376 INFO    SenderThread:23812 [sender.py:send_request_defer():454] handle sender defer: 3
2022-09-19 23:36:52,376 INFO    SenderThread:23812 [sender.py:transition_state():458] send defer: 4
2022-09-19 23:36:52,376 DEBUG   HandlerThread:23812 [handler.py:handle_request():138] handle_request: poll_exit
2022-09-19 23:36:52,377 DEBUG   SenderThread:23812 [sender.py:send_request():315] send_request: poll_exit
2022-09-19 23:36:52,377 DEBUG   HandlerThread:23812 [handler.py:handle_request():138] handle_request: poll_exit
2022-09-19 23:36:52,377 DEBUG   HandlerThread:23812 [handler.py:handle_request():138] handle_request: defer
2022-09-19 23:36:52,378 INFO    HandlerThread:23812 [handler.py:handle_request_defer():161] handle defer: 4
2022-09-19 23:36:52,378 DEBUG   SenderThread:23812 [sender.py:send_request():315] send_request: poll_exit
2022-09-19 23:36:52,378 DEBUG   SenderThread:23812 [sender.py:send():301] send: summary
2022-09-19 23:36:52,380 INFO    SenderThread:23812 [sender.py:_save_file():1155] saving file wandb-summary.json with policy end
2022-09-19 23:36:52,381 DEBUG   SenderThread:23812 [sender.py:send_request():315] send_request: defer
2022-09-19 23:36:52,381 INFO    SenderThread:23812 [sender.py:send_request_defer():454] handle sender defer: 4
2022-09-19 23:36:52,381 INFO    SenderThread:23812 [sender.py:transition_state():458] send defer: 5
2022-09-19 23:36:52,381 DEBUG   HandlerThread:23812 [handler.py:handle_request():138] handle_request: defer
2022-09-19 23:36:52,381 INFO    HandlerThread:23812 [handler.py:handle_request_defer():161] handle defer: 5
2022-09-19 23:36:52,381 DEBUG   SenderThread:23812 [sender.py:send_request():315] send_request: defer
2022-09-19 23:36:52,381 INFO    SenderThread:23812 [sender.py:send_request_defer():454] handle sender defer: 5
2022-09-19 23:36:52,381 INFO    SenderThread:23812 [sender.py:transition_state():458] send defer: 6
2022-09-19 23:36:52,382 DEBUG   HandlerThread:23812 [handler.py:handle_request():138] handle_request: defer
2022-09-19 23:36:52,382 INFO    HandlerThread:23812 [handler.py:handle_request_defer():161] handle defer: 6
2022-09-19 23:36:52,382 DEBUG   SenderThread:23812 [sender.py:send_request():315] send_request: defer
2022-09-19 23:36:52,382 INFO    SenderThread:23812 [sender.py:send_request_defer():454] handle sender defer: 6
2022-09-19 23:36:52,452 INFO    Thread-17 :23812 [dir_watcher.py:_on_file_modified():292] file/dir modified: C:\Users\ary93\OneDrive - Bob Jones University\Year 4 S1\CpS 499\MyAi\wandb\run-20220919_233619-31vj5wi3\files\wandb-summary.json
2022-09-19 23:36:52,497 DEBUG   HandlerThread:23812 [handler.py:handle_request():138] handle_request: poll_exit
2022-09-19 23:36:54,175 INFO    SenderThread:23812 [sender.py:transition_state():458] send defer: 7
2022-09-19 23:36:54,176 DEBUG   SenderThread:23812 [sender.py:send_request():315] send_request: poll_exit
2022-09-19 23:36:54,176 DEBUG   HandlerThread:23812 [handler.py:handle_request():138] handle_request: defer
2022-09-19 23:36:54,177 INFO    HandlerThread:23812 [handler.py:handle_request_defer():161] handle defer: 7
2022-09-19 23:36:54,177 DEBUG   SenderThread:23812 [sender.py:send_request():315] send_request: defer
2022-09-19 23:36:54,177 INFO    SenderThread:23812 [sender.py:send_request_defer():454] handle sender defer: 7
2022-09-19 23:36:54,178 INFO    SenderThread:23812 [dir_watcher.py:finish():362] shutting down directory watcher
2022-09-19 23:36:54,283 DEBUG   HandlerThread:23812 [handler.py:handle_request():138] handle_request: poll_exit
2022-09-19 23:36:54,471 INFO    SenderThread:23812 [dir_watcher.py:_on_file_modified():292] file/dir modified: C:\Users\ary93\OneDrive - Bob Jones University\Year 4 S1\CpS 499\MyAi\wandb\run-20220919_233619-31vj5wi3\files\output.log
2022-09-19 23:36:54,472 INFO    SenderThread:23812 [dir_watcher.py:finish():392] scan: C:\Users\ary93\OneDrive - Bob Jones University\Year 4 S1\CpS 499\MyAi\wandb\run-20220919_233619-31vj5wi3\files
2022-09-19 23:36:54,472 INFO    SenderThread:23812 [dir_watcher.py:finish():406] scan save: C:\Users\ary93\OneDrive - Bob Jones University\Year 4 S1\CpS 499\MyAi\wandb\run-20220919_233619-31vj5wi3\files\config.yaml config.yaml
2022-09-19 23:36:54,472 INFO    SenderThread:23812 [dir_watcher.py:finish():406] scan save: C:\Users\ary93\OneDrive - Bob Jones University\Year 4 S1\CpS 499\MyAi\wandb\run-20220919_233619-31vj5wi3\files\output.log output.log
2022-09-19 23:36:54,473 INFO    SenderThread:23812 [dir_watcher.py:finish():406] scan save: C:\Users\ary93\OneDrive - Bob Jones University\Year 4 S1\CpS 499\MyAi\wandb\run-20220919_233619-31vj5wi3\files\requirements.txt requirements.txt
2022-09-19 23:36:54,476 INFO    SenderThread:23812 [dir_watcher.py:finish():406] scan save: C:\Users\ary93\OneDrive - Bob Jones University\Year 4 S1\CpS 499\MyAi\wandb\run-20220919_233619-31vj5wi3\files\wandb-metadata.json wandb-metadata.json
2022-09-19 23:36:54,476 INFO    SenderThread:23812 [dir_watcher.py:finish():406] scan save: C:\Users\ary93\OneDrive - Bob Jones University\Year 4 S1\CpS 499\MyAi\wandb\run-20220919_233619-31vj5wi3\files\wandb-summary.json wandb-summary.json
2022-09-19 23:36:54,485 INFO    SenderThread:23812 [dir_watcher.py:finish():406] scan save: C:\Users\ary93\OneDrive - Bob Jones University\Year 4 S1\CpS 499\MyAi\wandb\run-20220919_233619-31vj5wi3\files\code\train.py code\train.py
2022-09-19 23:36:54,485 INFO    SenderThread:23812 [sender.py:transition_state():458] send defer: 8
2022-09-19 23:36:54,486 DEBUG   SenderThread:23812 [sender.py:send_request():315] send_request: poll_exit
2022-09-19 23:36:54,487 DEBUG   HandlerThread:23812 [handler.py:handle_request():138] handle_request: defer
2022-09-19 23:36:54,487 INFO    HandlerThread:23812 [handler.py:handle_request_defer():161] handle defer: 8
2022-09-19 23:36:54,488 DEBUG   SenderThread:23812 [sender.py:send_request():315] send_request: defer
2022-09-19 23:36:54,488 INFO    SenderThread:23812 [sender.py:send_request_defer():454] handle sender defer: 8
2022-09-19 23:36:54,488 INFO    SenderThread:23812 [file_pusher.py:finish():168] shutting down file pusher
2022-09-19 23:36:54,598 DEBUG   HandlerThread:23812 [handler.py:handle_request():138] handle_request: poll_exit
2022-09-19 23:36:54,598 DEBUG   SenderThread:23812 [sender.py:send_request():315] send_request: poll_exit
2022-09-19 23:36:54,706 DEBUG   HandlerThread:23812 [handler.py:handle_request():138] handle_request: poll_exit
2022-09-19 23:36:54,706 DEBUG   SenderThread:23812 [sender.py:send_request():315] send_request: poll_exit
2022-09-19 23:36:54,814 DEBUG   HandlerThread:23812 [handler.py:handle_request():138] handle_request: poll_exit
2022-09-19 23:36:54,814 DEBUG   SenderThread:23812 [sender.py:send_request():315] send_request: poll_exit
2022-09-19 23:36:54,903 INFO    Thread-27 :23812 [upload_job.py:push():139] Uploaded file C:\Users\ary93\OneDrive - Bob Jones University\Year 4 S1\CpS 499\MyAi\wandb\run-20220919_233619-31vj5wi3\files\requirements.txt
2022-09-19 23:36:54,904 INFO    Thread-25 :23812 [upload_job.py:push():139] Uploaded file C:\Users\ary93\OneDrive - Bob Jones University\Year 4 S1\CpS 499\MyAi\wandb\run-20220919_233619-31vj5wi3\files\config.yaml
2022-09-19 23:36:54,922 DEBUG   HandlerThread:23812 [handler.py:handle_request():138] handle_request: poll_exit
2022-09-19 23:36:54,922 DEBUG   SenderThread:23812 [sender.py:send_request():315] send_request: poll_exit
2022-09-19 23:36:54,956 INFO    Thread-28 :23812 [upload_job.py:push():139] Uploaded file C:\Users\ary93\OneDrive - Bob Jones University\Year 4 S1\CpS 499\MyAi\wandb\run-20220919_233619-31vj5wi3\files\wandb-summary.json
2022-09-19 23:36:54,981 INFO    Thread-26 :23812 [upload_job.py:push():139] Uploaded file C:\Users\ary93\OneDrive - Bob Jones University\Year 4 S1\CpS 499\MyAi\wandb\run-20220919_233619-31vj5wi3\files\output.log
2022-09-19 23:36:55,030 DEBUG   HandlerThread:23812 [handler.py:handle_request():138] handle_request: poll_exit
2022-09-19 23:36:55,030 DEBUG   SenderThread:23812 [sender.py:send_request():315] send_request: poll_exit
2022-09-19 23:36:55,140 DEBUG   HandlerThread:23812 [handler.py:handle_request():138] handle_request: poll_exit
2022-09-19 23:36:55,140 DEBUG   SenderThread:23812 [sender.py:send_request():315] send_request: poll_exit
2022-09-19 23:36:55,186 INFO    Thread-16 :23812 [sender.py:transition_state():458] send defer: 9
2022-09-19 23:36:55,186 DEBUG   HandlerThread:23812 [handler.py:handle_request():138] handle_request: defer
2022-09-19 23:36:55,186 INFO    HandlerThread:23812 [handler.py:handle_request_defer():161] handle defer: 9
2022-09-19 23:36:55,186 DEBUG   SenderThread:23812 [sender.py:send_request():315] send_request: defer
2022-09-19 23:36:55,186 INFO    SenderThread:23812 [sender.py:send_request_defer():454] handle sender defer: 9
2022-09-19 23:36:55,242 INFO    SenderThread:23812 [sender.py:transition_state():458] send defer: 10
2022-09-19 23:36:55,242 DEBUG   HandlerThread:23812 [handler.py:handle_request():138] handle_request: defer
2022-09-19 23:36:55,243 INFO    HandlerThread:23812 [handler.py:handle_request_defer():161] handle defer: 10
2022-09-19 23:36:55,243 DEBUG   SenderThread:23812 [sender.py:send_request():315] send_request: defer
2022-09-19 23:36:55,243 INFO    SenderThread:23812 [sender.py:send_request_defer():454] handle sender defer: 10
2022-09-19 23:36:55,243 INFO    SenderThread:23812 [sender.py:transition_state():458] send defer: 11
2022-09-19 23:36:55,244 DEBUG   SenderThread:23812 [sender.py:send():301] send: final
2022-09-19 23:36:55,244 DEBUG   SenderThread:23812 [sender.py:send():301] send: footer
2022-09-19 23:36:55,244 DEBUG   HandlerThread:23812 [handler.py:handle_request():138] handle_request: defer
2022-09-19 23:36:55,244 INFO    HandlerThread:23812 [handler.py:handle_request_defer():161] handle defer: 11
2022-09-19 23:36:55,244 DEBUG   SenderThread:23812 [sender.py:send_request():315] send_request: defer
2022-09-19 23:36:55,244 INFO    SenderThread:23812 [sender.py:send_request_defer():454] handle sender defer: 11
2022-09-19 23:36:55,248 DEBUG   HandlerThread:23812 [handler.py:handle_request():138] handle_request: poll_exit
2022-09-19 23:36:55,248 DEBUG   SenderThread:23812 [sender.py:send_request():315] send_request: poll_exit
2022-09-19 23:36:55,248 INFO    SenderThread:23812 [file_pusher.py:join():173] waiting for file pusher
2022-09-19 23:36:55,545 DEBUG   HandlerThread:23812 [handler.py:handle_request():138] handle_request: sampled_history
2022-09-19 23:36:55,545 DEBUG   HandlerThread:23812 [handler.py:handle_request():138] handle_request: get_summary
2022-09-19 23:36:55,546 INFO    MainThread:23812 [wandb_run.py:_footer_history_summary_info():3321] rendering history
2022-09-19 23:36:55,546 INFO    MainThread:23812 [wandb_run.py:_footer_history_summary_info():3353] rendering summary
2022-09-19 23:36:55,546 INFO    MainThread:23812 [wandb_run.py:_footer_sync_info():3277] logging synced files
2022-09-19 23:36:55,550 DEBUG   HandlerThread:23812 [handler.py:handle_request():138] handle_request: shutdown
2022-09-19 23:36:55,550 INFO    HandlerThread:23812 [handler.py:finish():807] shutting down handler
2022-09-19 23:36:56,259 INFO    WriterThread:23812 [datastore.py:close():279] close: C:\Users\ary93\OneDrive - Bob Jones University\Year 4 S1\CpS 499\MyAi\wandb\run-20220919_233619-31vj5wi3\run-31vj5wi3.wandb
2022-09-19 23:36:56,446 INFO    SenderThread:23812 [sender.py:finish():1315] shutting down sender
2022-09-19 23:36:56,446 INFO    SenderThread:23812 [file_pusher.py:finish():168] shutting down file pusher
2022-09-19 23:36:56,446 INFO    SenderThread:23812 [file_pusher.py:join():173] waiting for file pusher
2022-09-19 23:36:56,556 INFO    MainThread:23812 [internal.py:handle_exit():78] Internal process exited
