2022-09-19 23:34:52,728 INFO    MainThread:12404 [wandb_setup.py:_flush():68] Configure stats pid to 12404
2022-09-19 23:34:52,728 INFO    MainThread:12404 [wandb_setup.py:_flush():68] Loading settings from C:\Users\ary93\.config\wandb\settings
2022-09-19 23:34:52,728 INFO    MainThread:12404 [wandb_setup.py:_flush():68] Loading settings from C:\Users\ary93\OneDrive - Bob Jones University\Year 4 S1\CpS 499\MyAi\wandb\settings
2022-09-19 23:34:52,728 INFO    MainThread:12404 [wandb_setup.py:_flush():68] Loading settings from environment variables: {'_require_service': 'True'}
2022-09-19 23:34:52,728 INFO    MainThread:12404 [wandb_setup.py:_flush():68] Inferring run settings from compute environment: {'program_relpath': 'train.py', 'program': 'train.py'}
2022-09-19 23:34:52,736 INFO    MainThread:12404 [wandb_init.py:_log_setup():476] Logging user logs to C:\Users\ary93\OneDrive - Bob Jones University\Year 4 S1\CpS 499\MyAi\wandb\run-20220919_233452-137bb2af\logs\debug.log
2022-09-19 23:34:52,736 INFO    MainThread:12404 [wandb_init.py:_log_setup():477] Logging internal logs to C:\Users\ary93\OneDrive - Bob Jones University\Year 4 S1\CpS 499\MyAi\wandb\run-20220919_233452-137bb2af\logs\debug-internal.log
2022-09-19 23:34:52,737 INFO    MainThread:12404 [wandb_init.py:init():516] calling init triggers
2022-09-19 23:34:52,737 INFO    MainThread:12404 [wandb_init.py:init():519] wandb.init called with sweep_config: {}
config: {'Model': 'v19', 'Machine': 'Main', 'policy': 'MlpPolicy', 'model_save_name': '1663644891'}
2022-09-19 23:34:52,737 INFO    MainThread:12404 [wandb_init.py:init():569] starting backend
2022-09-19 23:34:52,737 INFO    MainThread:12404 [wandb_init.py:init():573] setting up manager
2022-09-19 23:34:52,746 INFO    MainThread:12404 [backend.py:_multiprocessing_setup():102] multiprocessing start_methods=spawn, using: spawn
2022-09-19 23:34:52,756 INFO    MainThread:12404 [wandb_init.py:init():580] backend started and connected
2022-09-19 23:34:52,767 INFO    MainThread:12404 [wandb_init.py:init():658] updated telemetry
2022-09-19 23:34:52,769 INFO    MainThread:12404 [wandb_init.py:init():692] communicating run to backend with 30 second timeout
2022-09-19 23:34:55,831 WARNING MsgRouterThr:12404 [router.py:message_loop():77] message_loop has been closed
2022-09-19 23:35:23,035 ERROR   MainThread:12404 [wandb_init.py:init():703] backend process timed out
2022-09-19 23:35:23,035 ERROR   MainThread:12404 [wandb_init.py:init():712] encountered error: Error communicating with wandb process
For more info see: https://docs.wandb.ai/library/init#init-start-error
