2022-09-20 00:02:49,549 INFO    StreamThr :23888 [internal.py:wandb_internal():88] W&B internal server running at pid: 23888, started at: 2022-09-20 00:02:49.549686
2022-09-20 00:02:49,552 DEBUG   HandlerThread:23888 [handler.py:handle_request():138] handle_request: status
2022-09-20 00:02:49,555 DEBUG   SenderThread:23888 [sender.py:send_request():315] send_request: status
2022-09-20 00:02:49,557 DEBUG   SenderThread:23888 [sender.py:send():301] send: header
2022-09-20 00:02:49,557 INFO    WriterThread:23888 [datastore.py:open_for_write():75] open: C:\Users\ary93\OneDrive - Bob Jones University\Year 4 S1\CpS 499\MyAi\wandb\run-20220920_000249-2cqu4fju\run-2cqu4fju.wandb
2022-09-20 00:02:49,559 DEBUG   SenderThread:23888 [sender.py:send():301] send: run
2022-09-20 00:02:50,267 DEBUG   HandlerThread:23888 [handler.py:handle_request():138] handle_request: check_version
2022-09-20 00:02:50,269 INFO    SenderThread:23888 [dir_watcher.py:__init__():216] watching files in: C:\Users\ary93\OneDrive - Bob Jones University\Year 4 S1\CpS 499\MyAi\wandb\run-20220920_000249-2cqu4fju\files
2022-09-20 00:02:50,269 INFO    SenderThread:23888 [sender.py:_start_run_threads():912] run started: 2cqu4fju with start time 1663646569.549685
2022-09-20 00:02:50,269 DEBUG   SenderThread:23888 [sender.py:send():301] send: summary
2022-09-20 00:02:50,270 INFO    SenderThread:23888 [sender.py:_save_file():1155] saving file wandb-summary.json with policy end
2022-09-20 00:02:50,270 DEBUG   SenderThread:23888 [sender.py:send_request():315] send_request: check_version
2022-09-20 00:02:50,386 DEBUG   HandlerThread:23888 [handler.py:handle_request():138] handle_request: run_start
2022-09-20 00:02:50,413 DEBUG   HandlerThread:23888 [meta.py:__init__():34] meta init
2022-09-20 00:02:50,413 DEBUG   HandlerThread:23888 [meta.py:__init__():49] meta init done
2022-09-20 00:02:50,413 DEBUG   HandlerThread:23888 [meta.py:probe():215] probe
2022-09-20 00:02:50,466 DEBUG   HandlerThread:23888 [git.py:repo():40] git repository is invalid
2022-09-20 00:02:50,466 DEBUG   HandlerThread:23888 [meta.py:_save_code():87] save code
2022-09-20 00:02:50,475 DEBUG   HandlerThread:23888 [meta.py:_save_code():108] save code done
2022-09-20 00:02:50,475 DEBUG   HandlerThread:23888 [meta.py:_save_pip():53] save pip
2022-09-20 00:02:50,476 DEBUG   HandlerThread:23888 [meta.py:_save_pip():67] save pip done
2022-09-20 00:02:50,476 DEBUG   HandlerThread:23888 [meta.py:probe():253] probe done
2022-09-20 00:02:50,548 DEBUG   SenderThread:23888 [sender.py:send():301] send: files
2022-09-20 00:02:50,549 INFO    SenderThread:23888 [sender.py:_save_file():1155] saving file wandb-metadata.json with policy now
2022-09-20 00:02:50,549 INFO    SenderThread:23888 [sender.py:_save_file():1155] saving file code\train.py with policy now
2022-09-20 00:02:50,561 DEBUG   HandlerThread:23888 [handler.py:handle_request():138] handle_request: stop_status
2022-09-20 00:02:50,561 DEBUG   SenderThread:23888 [sender.py:send_request():315] send_request: stop_status
2022-09-20 00:02:50,653 DEBUG   SenderThread:23888 [sender.py:send():301] send: telemetry
2022-09-20 00:02:50,659 INFO    Thread-22 :23888 [upload_job.py:push():119] Skipped uploading C:\Users\ary93\AppData\Local\Temp\tmpj0iu151gwandb\41twd6er-code/train.py
2022-09-20 00:02:51,007 INFO    Thread-21 :23888 [upload_job.py:push():139] Uploaded file C:\Users\ary93\AppData\Local\Temp\tmpj0iu151gwandb\3w4mfxoy-wandb-metadata.json
2022-09-20 00:02:51,120 DEBUG   HandlerThread:23888 [handler.py:handle_request():138] handle_request: poll_exit
2022-09-20 00:02:51,120 DEBUG   SenderThread:23888 [sender.py:send():301] send: exit
2022-09-20 00:02:51,120 INFO    SenderThread:23888 [sender.py:send_exit():437] handling exit code: 1
2022-09-20 00:02:51,120 INFO    SenderThread:23888 [sender.py:send_exit():439] handling runtime: 0
2022-09-20 00:02:51,121 INFO    SenderThread:23888 [sender.py:_save_file():1155] saving file wandb-summary.json with policy end
2022-09-20 00:02:51,121 INFO    SenderThread:23888 [sender.py:send_exit():445] send defer
2022-09-20 00:02:51,122 DEBUG   SenderThread:23888 [sender.py:send_request():315] send_request: poll_exit
2022-09-20 00:02:51,122 DEBUG   HandlerThread:23888 [handler.py:handle_request():138] handle_request: defer
2022-09-20 00:02:51,123 INFO    HandlerThread:23888 [handler.py:handle_request_defer():161] handle defer: 0
2022-09-20 00:02:51,123 DEBUG   SenderThread:23888 [sender.py:send_request():315] send_request: defer
2022-09-20 00:02:51,123 INFO    SenderThread:23888 [sender.py:send_request_defer():454] handle sender defer: 0
2022-09-20 00:02:51,124 INFO    SenderThread:23888 [sender.py:transition_state():458] send defer: 1
2022-09-20 00:02:51,124 DEBUG   HandlerThread:23888 [handler.py:handle_request():138] handle_request: defer
2022-09-20 00:02:51,124 INFO    HandlerThread:23888 [handler.py:handle_request_defer():161] handle defer: 1
2022-09-20 00:02:51,278 DEBUG   SenderThread:23888 [sender.py:send_request():315] send_request: defer
2022-09-20 00:02:51,278 INFO    SenderThread:23888 [sender.py:send_request_defer():454] handle sender defer: 1
2022-09-20 00:02:51,278 DEBUG   HandlerThread:23888 [handler.py:handle_request():138] handle_request: poll_exit
2022-09-20 00:02:51,278 INFO    SenderThread:23888 [sender.py:transition_state():458] send defer: 2
2022-09-20 00:02:51,279 DEBUG   SenderThread:23888 [sender.py:send_request():315] send_request: poll_exit
2022-09-20 00:02:51,279 DEBUG   HandlerThread:23888 [handler.py:handle_request():138] handle_request: defer
2022-09-20 00:02:51,280 DEBUG   SenderThread:23888 [sender.py:send():301] send: stats
2022-09-20 00:02:51,280 INFO    HandlerThread:23888 [handler.py:handle_request_defer():161] handle defer: 2
2022-09-20 00:02:51,281 DEBUG   SenderThread:23888 [sender.py:send_request():315] send_request: defer
2022-09-20 00:02:51,281 INFO    SenderThread:23888 [sender.py:send_request_defer():454] handle sender defer: 2
2022-09-20 00:02:51,281 INFO    SenderThread:23888 [sender.py:transition_state():458] send defer: 3
2022-09-20 00:02:51,282 DEBUG   HandlerThread:23888 [handler.py:handle_request():138] handle_request: defer
2022-09-20 00:02:51,282 INFO    HandlerThread:23888 [handler.py:handle_request_defer():161] handle defer: 3
2022-09-20 00:02:51,285 INFO    Thread-17 :23888 [dir_watcher.py:_on_file_created():275] file/dir created: C:\Users\ary93\OneDrive - Bob Jones University\Year 4 S1\CpS 499\MyAi\wandb\run-20220920_000249-2cqu4fju\files\wandb-metadata.json
2022-09-20 00:02:51,287 INFO    Thread-17 :23888 [dir_watcher.py:_on_file_created():275] file/dir created: C:\Users\ary93\OneDrive - Bob Jones University\Year 4 S1\CpS 499\MyAi\wandb\run-20220920_000249-2cqu4fju\files\requirements.txt
2022-09-20 00:02:51,286 DEBUG   SenderThread:23888 [sender.py:send_request():315] send_request: defer
2022-09-20 00:02:51,288 INFO    Thread-17 :23888 [dir_watcher.py:_on_file_created():275] file/dir created: C:\Users\ary93\OneDrive - Bob Jones University\Year 4 S1\CpS 499\MyAi\wandb\run-20220920_000249-2cqu4fju\files\wandb-summary.json
2022-09-20 00:02:51,288 INFO    SenderThread:23888 [sender.py:send_request_defer():454] handle sender defer: 3
2022-09-20 00:02:51,288 INFO    SenderThread:23888 [sender.py:transition_state():458] send defer: 4
2022-09-20 00:02:51,288 INFO    Thread-17 :23888 [dir_watcher.py:_on_file_created():275] file/dir created: C:\Users\ary93\OneDrive - Bob Jones University\Year 4 S1\CpS 499\MyAi\wandb\run-20220920_000249-2cqu4fju\files\output.log
2022-09-20 00:02:51,289 DEBUG   HandlerThread:23888 [handler.py:handle_request():138] handle_request: defer
2022-09-20 00:02:51,289 INFO    Thread-17 :23888 [dir_watcher.py:_on_file_created():275] file/dir created: C:\Users\ary93\OneDrive - Bob Jones University\Year 4 S1\CpS 499\MyAi\wandb\run-20220920_000249-2cqu4fju\files\code\train.py
2022-09-20 00:02:51,289 INFO    HandlerThread:23888 [handler.py:handle_request_defer():161] handle defer: 4
2022-09-20 00:02:51,289 INFO    Thread-17 :23888 [dir_watcher.py:_on_file_created():275] file/dir created: C:\Users\ary93\OneDrive - Bob Jones University\Year 4 S1\CpS 499\MyAi\wandb\run-20220920_000249-2cqu4fju\files\code
2022-09-20 00:02:51,290 DEBUG   SenderThread:23888 [sender.py:send():301] send: summary
2022-09-20 00:02:51,291 INFO    SenderThread:23888 [sender.py:_save_file():1155] saving file wandb-summary.json with policy end
2022-09-20 00:02:51,292 DEBUG   SenderThread:23888 [sender.py:send_request():315] send_request: defer
2022-09-20 00:02:51,292 INFO    SenderThread:23888 [sender.py:send_request_defer():454] handle sender defer: 4
2022-09-20 00:02:51,292 INFO    SenderThread:23888 [sender.py:transition_state():458] send defer: 5
2022-09-20 00:02:51,293 DEBUG   HandlerThread:23888 [handler.py:handle_request():138] handle_request: defer
2022-09-20 00:02:51,293 INFO    HandlerThread:23888 [handler.py:handle_request_defer():161] handle defer: 5
2022-09-20 00:02:51,293 DEBUG   SenderThread:23888 [sender.py:send_request():315] send_request: defer
2022-09-20 00:02:51,293 INFO    SenderThread:23888 [sender.py:send_request_defer():454] handle sender defer: 5
2022-09-20 00:02:51,394 INFO    SenderThread:23888 [sender.py:transition_state():458] send defer: 6
2022-09-20 00:02:51,394 DEBUG   HandlerThread:23888 [handler.py:handle_request():138] handle_request: defer
2022-09-20 00:02:51,394 INFO    HandlerThread:23888 [handler.py:handle_request_defer():161] handle defer: 6
2022-09-20 00:02:51,394 DEBUG   SenderThread:23888 [sender.py:send_request():315] send_request: defer
2022-09-20 00:02:51,394 INFO    SenderThread:23888 [sender.py:send_request_defer():454] handle sender defer: 6
2022-09-20 00:02:51,401 DEBUG   HandlerThread:23888 [handler.py:handle_request():138] handle_request: poll_exit
2022-09-20 00:02:52,295 INFO    Thread-17 :23888 [dir_watcher.py:_on_file_modified():292] file/dir modified: C:\Users\ary93\OneDrive - Bob Jones University\Year 4 S1\CpS 499\MyAi\wandb\run-20220920_000249-2cqu4fju\files\wandb-summary.json
2022-09-20 00:02:52,295 INFO    Thread-17 :23888 [dir_watcher.py:_on_file_modified():292] file/dir modified: C:\Users\ary93\OneDrive - Bob Jones University\Year 4 S1\CpS 499\MyAi\wandb\run-20220920_000249-2cqu4fju\files\config.yaml
2022-09-20 00:02:53,144 INFO    SenderThread:23888 [sender.py:transition_state():458] send defer: 7
2022-09-20 00:02:53,144 DEBUG   SenderThread:23888 [sender.py:send_request():315] send_request: poll_exit
2022-09-20 00:02:53,145 DEBUG   HandlerThread:23888 [handler.py:handle_request():138] handle_request: defer
2022-09-20 00:02:53,146 INFO    HandlerThread:23888 [handler.py:handle_request_defer():161] handle defer: 7
2022-09-20 00:02:53,146 DEBUG   SenderThread:23888 [sender.py:send_request():315] send_request: defer
2022-09-20 00:02:53,146 INFO    SenderThread:23888 [sender.py:send_request_defer():454] handle sender defer: 7
2022-09-20 00:02:53,146 INFO    SenderThread:23888 [dir_watcher.py:finish():362] shutting down directory watcher
2022-09-20 00:02:53,251 DEBUG   HandlerThread:23888 [handler.py:handle_request():138] handle_request: poll_exit
2022-09-20 00:02:53,299 INFO    SenderThread:23888 [dir_watcher.py:_on_file_modified():292] file/dir modified: C:\Users\ary93\OneDrive - Bob Jones University\Year 4 S1\CpS 499\MyAi\wandb\run-20220920_000249-2cqu4fju\files\output.log
2022-09-20 00:02:53,299 INFO    SenderThread:23888 [dir_watcher.py:finish():392] scan: C:\Users\ary93\OneDrive - Bob Jones University\Year 4 S1\CpS 499\MyAi\wandb\run-20220920_000249-2cqu4fju\files
2022-09-20 00:02:53,300 INFO    SenderThread:23888 [dir_watcher.py:finish():406] scan save: C:\Users\ary93\OneDrive - Bob Jones University\Year 4 S1\CpS 499\MyAi\wandb\run-20220920_000249-2cqu4fju\files\config.yaml config.yaml
2022-09-20 00:02:53,300 INFO    SenderThread:23888 [dir_watcher.py:finish():406] scan save: C:\Users\ary93\OneDrive - Bob Jones University\Year 4 S1\CpS 499\MyAi\wandb\run-20220920_000249-2cqu4fju\files\output.log output.log
2022-09-20 00:02:53,300 INFO    SenderThread:23888 [dir_watcher.py:finish():406] scan save: C:\Users\ary93\OneDrive - Bob Jones University\Year 4 S1\CpS 499\MyAi\wandb\run-20220920_000249-2cqu4fju\files\requirements.txt requirements.txt
2022-09-20 00:02:53,303 INFO    SenderThread:23888 [dir_watcher.py:finish():406] scan save: C:\Users\ary93\OneDrive - Bob Jones University\Year 4 S1\CpS 499\MyAi\wandb\run-20220920_000249-2cqu4fju\files\wandb-metadata.json wandb-metadata.json
2022-09-20 00:02:53,304 INFO    SenderThread:23888 [dir_watcher.py:finish():406] scan save: C:\Users\ary93\OneDrive - Bob Jones University\Year 4 S1\CpS 499\MyAi\wandb\run-20220920_000249-2cqu4fju\files\wandb-summary.json wandb-summary.json
2022-09-20 00:02:53,309 INFO    SenderThread:23888 [dir_watcher.py:finish():406] scan save: C:\Users\ary93\OneDrive - Bob Jones University\Year 4 S1\CpS 499\MyAi\wandb\run-20220920_000249-2cqu4fju\files\code\train.py code\train.py
2022-09-20 00:02:53,309 INFO    SenderThread:23888 [sender.py:transition_state():458] send defer: 8
2022-09-20 00:02:53,309 DEBUG   SenderThread:23888 [sender.py:send_request():315] send_request: poll_exit
2022-09-20 00:02:53,312 DEBUG   HandlerThread:23888 [handler.py:handle_request():138] handle_request: defer
2022-09-20 00:02:53,312 INFO    HandlerThread:23888 [handler.py:handle_request_defer():161] handle defer: 8
2022-09-20 00:02:53,313 DEBUG   SenderThread:23888 [sender.py:send_request():315] send_request: defer
2022-09-20 00:02:53,313 INFO    SenderThread:23888 [sender.py:send_request_defer():454] handle sender defer: 8
2022-09-20 00:02:53,313 INFO    SenderThread:23888 [file_pusher.py:finish():168] shutting down file pusher
2022-09-20 00:02:53,424 DEBUG   HandlerThread:23888 [handler.py:handle_request():138] handle_request: poll_exit
2022-09-20 00:02:53,424 DEBUG   SenderThread:23888 [sender.py:send_request():315] send_request: poll_exit
2022-09-20 00:02:53,527 DEBUG   HandlerThread:23888 [handler.py:handle_request():138] handle_request: poll_exit
2022-09-20 00:02:53,527 DEBUG   SenderThread:23888 [sender.py:send_request():315] send_request: poll_exit
2022-09-20 00:02:53,635 DEBUG   HandlerThread:23888 [handler.py:handle_request():138] handle_request: poll_exit
2022-09-20 00:02:53,635 DEBUG   SenderThread:23888 [sender.py:send_request():315] send_request: poll_exit
2022-09-20 00:02:53,745 DEBUG   HandlerThread:23888 [handler.py:handle_request():138] handle_request: poll_exit
2022-09-20 00:02:53,745 DEBUG   SenderThread:23888 [sender.py:send_request():315] send_request: poll_exit
2022-09-20 00:02:53,769 INFO    Thread-23 :23888 [upload_job.py:push():139] Uploaded file C:\Users\ary93\OneDrive - Bob Jones University\Year 4 S1\CpS 499\MyAi\wandb\run-20220920_000249-2cqu4fju\files\config.yaml
2022-09-20 00:02:53,770 INFO    Thread-26 :23888 [upload_job.py:push():139] Uploaded file C:\Users\ary93\OneDrive - Bob Jones University\Year 4 S1\CpS 499\MyAi\wandb\run-20220920_000249-2cqu4fju\files\wandb-summary.json
2022-09-20 00:02:53,853 DEBUG   HandlerThread:23888 [handler.py:handle_request():138] handle_request: poll_exit
2022-09-20 00:02:53,853 DEBUG   SenderThread:23888 [sender.py:send_request():315] send_request: poll_exit
2022-09-20 00:02:53,899 INFO    Thread-25 :23888 [upload_job.py:push():139] Uploaded file C:\Users\ary93\OneDrive - Bob Jones University\Year 4 S1\CpS 499\MyAi\wandb\run-20220920_000249-2cqu4fju\files\requirements.txt
2022-09-20 00:02:53,915 INFO    Thread-24 :23888 [upload_job.py:push():139] Uploaded file C:\Users\ary93\OneDrive - Bob Jones University\Year 4 S1\CpS 499\MyAi\wandb\run-20220920_000249-2cqu4fju\files\output.log
2022-09-20 00:02:53,960 DEBUG   HandlerThread:23888 [handler.py:handle_request():138] handle_request: poll_exit
2022-09-20 00:02:53,960 DEBUG   SenderThread:23888 [sender.py:send_request():315] send_request: poll_exit
2022-09-20 00:02:54,068 DEBUG   HandlerThread:23888 [handler.py:handle_request():138] handle_request: poll_exit
2022-09-20 00:02:54,068 DEBUG   SenderThread:23888 [sender.py:send_request():315] send_request: poll_exit
2022-09-20 00:02:54,131 INFO    Thread-16 :23888 [sender.py:transition_state():458] send defer: 9
2022-09-20 00:02:54,131 DEBUG   HandlerThread:23888 [handler.py:handle_request():138] handle_request: defer
2022-09-20 00:02:54,131 INFO    HandlerThread:23888 [handler.py:handle_request_defer():161] handle defer: 9
2022-09-20 00:02:54,131 DEBUG   SenderThread:23888 [sender.py:send_request():315] send_request: defer
2022-09-20 00:02:54,132 INFO    SenderThread:23888 [sender.py:send_request_defer():454] handle sender defer: 9
2022-09-20 00:02:54,178 DEBUG   HandlerThread:23888 [handler.py:handle_request():138] handle_request: poll_exit
2022-09-20 00:02:54,305 INFO    SenderThread:23888 [sender.py:transition_state():458] send defer: 10
2022-09-20 00:02:54,305 DEBUG   SenderThread:23888 [sender.py:send_request():315] send_request: poll_exit
2022-09-20 00:02:54,306 DEBUG   HandlerThread:23888 [handler.py:handle_request():138] handle_request: defer
2022-09-20 00:02:54,306 INFO    HandlerThread:23888 [handler.py:handle_request_defer():161] handle defer: 10
2022-09-20 00:02:54,307 DEBUG   SenderThread:23888 [sender.py:send_request():315] send_request: defer
2022-09-20 00:02:54,307 INFO    SenderThread:23888 [sender.py:send_request_defer():454] handle sender defer: 10
2022-09-20 00:02:54,307 INFO    SenderThread:23888 [sender.py:transition_state():458] send defer: 11
2022-09-20 00:02:54,308 DEBUG   SenderThread:23888 [sender.py:send():301] send: final
2022-09-20 00:02:54,309 DEBUG   SenderThread:23888 [sender.py:send():301] send: footer
2022-09-20 00:02:54,309 DEBUG   HandlerThread:23888 [handler.py:handle_request():138] handle_request: defer
2022-09-20 00:02:54,309 INFO    HandlerThread:23888 [handler.py:handle_request_defer():161] handle defer: 11
2022-09-20 00:02:54,309 DEBUG   SenderThread:23888 [sender.py:send_request():315] send_request: defer
2022-09-20 00:02:54,309 INFO    SenderThread:23888 [sender.py:send_request_defer():454] handle sender defer: 11
2022-09-20 00:02:54,412 DEBUG   HandlerThread:23888 [handler.py:handle_request():138] handle_request: poll_exit
2022-09-20 00:02:54,413 DEBUG   SenderThread:23888 [sender.py:send_request():315] send_request: poll_exit
2022-09-20 00:02:54,413 INFO    SenderThread:23888 [file_pusher.py:join():173] waiting for file pusher
2022-09-20 00:02:54,714 DEBUG   HandlerThread:23888 [handler.py:handle_request():138] handle_request: sampled_history
2022-09-20 00:02:54,715 DEBUG   HandlerThread:23888 [handler.py:handle_request():138] handle_request: get_summary
2022-09-20 00:02:54,716 INFO    MainThread:23888 [wandb_run.py:_footer_history_summary_info():3321] rendering history
2022-09-20 00:02:54,716 INFO    MainThread:23888 [wandb_run.py:_footer_history_summary_info():3353] rendering summary
2022-09-20 00:02:54,716 INFO    MainThread:23888 [wandb_run.py:_footer_sync_info():3277] logging synced files
2022-09-20 00:02:54,720 DEBUG   HandlerThread:23888 [handler.py:handle_request():138] handle_request: shutdown
2022-09-20 00:02:54,720 INFO    HandlerThread:23888 [handler.py:finish():807] shutting down handler
2022-09-20 00:02:55,309 INFO    WriterThread:23888 [datastore.py:close():279] close: C:\Users\ary93\OneDrive - Bob Jones University\Year 4 S1\CpS 499\MyAi\wandb\run-20220920_000249-2cqu4fju\run-2cqu4fju.wandb
2022-09-20 00:02:55,620 INFO    SenderThread:23888 [sender.py:finish():1315] shutting down sender
2022-09-20 00:02:55,620 INFO    SenderThread:23888 [file_pusher.py:finish():168] shutting down file pusher
2022-09-20 00:02:55,620 INFO    SenderThread:23888 [file_pusher.py:join():173] waiting for file pusher
2022-09-20 00:02:55,731 INFO    MainThread:23888 [internal.py:handle_exit():78] Internal process exited
