2022-09-20 00:02:49,531 INFO    MainThread:18920 [wandb_setup.py:_flush():68] Configure stats pid to 18920
2022-09-20 00:02:49,531 INFO    MainThread:18920 [wandb_setup.py:_flush():68] Loading settings from C:\Users\ary93\.config\wandb\settings
2022-09-20 00:02:49,531 INFO    MainThread:18920 [wandb_setup.py:_flush():68] Loading settings from C:\Users\ary93\OneDrive - Bob Jones University\Year 4 S1\CpS 499\MyAi\wandb\settings
2022-09-20 00:02:49,531 INFO    MainThread:18920 [wandb_setup.py:_flush():68] Loading settings from environment variables: {'_require_service': 'True'}
2022-09-20 00:02:49,531 INFO    MainThread:18920 [wandb_setup.py:_flush():68] Inferring run settings from compute environment: {'program_relpath': 'train.py', 'program': 'train.py'}
2022-09-20 00:02:49,532 INFO    MainThread:18920 [wandb_init.py:_log_setup():476] Logging user logs to C:\Users\ary93\OneDrive - Bob Jones University\Year 4 S1\CpS 499\MyAi\wandb\run-20220920_000249-2cqu4fju\logs\debug.log
2022-09-20 00:02:49,532 INFO    MainThread:18920 [wandb_init.py:_log_setup():477] Logging internal logs to C:\Users\ary93\OneDrive - Bob Jones University\Year 4 S1\CpS 499\MyAi\wandb\run-20220920_000249-2cqu4fju\logs\debug-internal.log
2022-09-20 00:02:49,532 INFO    MainThread:18920 [wandb_init.py:init():516] calling init triggers
2022-09-20 00:02:49,532 INFO    MainThread:18920 [wandb_init.py:init():519] wandb.init called with sweep_config: {}
config: {'Model': 'v19', 'Machine': 'Main', 'policy': 'MlpPolicy', 'model_save_name': 'test_run'}
2022-09-20 00:02:49,533 INFO    MainThread:18920 [wandb_init.py:init():569] starting backend
2022-09-20 00:02:49,533 INFO    MainThread:18920 [wandb_init.py:init():573] setting up manager
2022-09-20 00:02:49,540 INFO    MainThread:18920 [backend.py:_multiprocessing_setup():102] multiprocessing start_methods=spawn, using: spawn
2022-09-20 00:02:49,548 INFO    MainThread:18920 [wandb_init.py:init():580] backend started and connected
2022-09-20 00:02:49,556 INFO    MainThread:18920 [wandb_init.py:init():658] updated telemetry
2022-09-20 00:02:49,558 INFO    MainThread:18920 [wandb_init.py:init():692] communicating run to backend with 30 second timeout
2022-09-20 00:02:50,267 INFO    MainThread:18920 [wandb_run.py:_on_init():1974] communicating current version
2022-09-20 00:02:50,378 INFO    MainThread:18920 [wandb_run.py:_on_init():1978] got version response 
2022-09-20 00:02:50,378 INFO    MainThread:18920 [wandb_init.py:init():727] starting run threads in backend
2022-09-20 00:02:50,560 INFO    MainThread:18920 [wandb_run.py:_console_start():1954] atexit reg
2022-09-20 00:02:50,561 INFO    MainThread:18920 [wandb_run.py:_redirect():1812] redirect: SettingsConsole.WRAP_RAW
2022-09-20 00:02:50,561 INFO    MainThread:18920 [wandb_run.py:_redirect():1877] Wrapping output streams.
2022-09-20 00:02:50,561 INFO    MainThread:18920 [wandb_run.py:_redirect():1899] Redirects installed.
2022-09-20 00:02:50,561 INFO    MainThread:18920 [wandb_init.py:init():764] run started, returning control to user process
2022-09-20 00:02:55,731 WARNING MsgRouterThr:18920 [router.py:message_loop():77] message_loop has been closed
