2022-09-19 23:58:06,246 INFO    MainThread:15664 [wandb_setup.py:_flush():68] Configure stats pid to 15664
2022-09-19 23:58:06,247 INFO    MainThread:15664 [wandb_setup.py:_flush():68] Loading settings from C:\Users\ary93\.config\wandb\settings
2022-09-19 23:58:06,247 INFO    MainThread:15664 [wandb_setup.py:_flush():68] Loading settings from C:\Users\ary93\OneDrive - Bob Jones University\Year 4 S1\CpS 499\MyAi\wandb\settings
2022-09-19 23:58:06,247 INFO    MainThread:15664 [wandb_setup.py:_flush():68] Loading settings from environment variables: {'_require_service': 'True'}
2022-09-19 23:58:06,247 INFO    MainThread:15664 [wandb_setup.py:_flush():68] Inferring run settings from compute environment: {'program_relpath': 'train.py', 'program': 'train.py'}
2022-09-19 23:58:06,247 INFO    MainThread:15664 [wandb_init.py:_log_setup():476] Logging user logs to C:\Users\ary93\OneDrive - Bob Jones University\Year 4 S1\CpS 499\MyAi\wandb\run-20220919_235806-30zgh2jw\logs\debug.log
2022-09-19 23:58:06,247 INFO    MainThread:15664 [wandb_init.py:_log_setup():477] Logging internal logs to C:\Users\ary93\OneDrive - Bob Jones University\Year 4 S1\CpS 499\MyAi\wandb\run-20220919_235806-30zgh2jw\logs\debug-internal.log
2022-09-19 23:58:06,248 INFO    MainThread:15664 [wandb_init.py:init():516] calling init triggers
2022-09-19 23:58:06,248 INFO    MainThread:15664 [wandb_init.py:init():519] wandb.init called with sweep_config: {}
config: {'Model': 'v19', 'Machine': 'Main', 'policy': 'MlpPolicy', 'model_save_name': '1663646284'}
2022-09-19 23:58:06,248 INFO    MainThread:15664 [wandb_init.py:init():569] starting backend
2022-09-19 23:58:06,249 INFO    MainThread:15664 [wandb_init.py:init():573] setting up manager
2022-09-19 23:58:06,256 INFO    MainThread:15664 [backend.py:_multiprocessing_setup():102] multiprocessing start_methods=spawn, using: spawn
2022-09-19 23:58:06,269 INFO    MainThread:15664 [wandb_init.py:init():580] backend started and connected
2022-09-19 23:58:06,280 INFO    MainThread:15664 [wandb_init.py:init():658] updated telemetry
2022-09-19 23:58:06,282 INFO    MainThread:15664 [wandb_init.py:init():692] communicating run to backend with 30 second timeout
2022-09-19 23:58:06,497 INFO    MainThread:15664 [wandb_run.py:_on_init():1974] communicating current version
2022-09-19 23:58:06,599 INFO    MainThread:15664 [wandb_run.py:_on_init():1978] got version response 
2022-09-19 23:58:06,599 INFO    MainThread:15664 [wandb_init.py:init():727] starting run threads in backend
2022-09-19 23:58:06,765 INFO    MainThread:15664 [wandb_run.py:_console_start():1954] atexit reg
2022-09-19 23:58:06,765 INFO    MainThread:15664 [wandb_run.py:_redirect():1812] redirect: SettingsConsole.WRAP_RAW
2022-09-19 23:58:06,765 INFO    MainThread:15664 [wandb_run.py:_redirect():1877] Wrapping output streams.
2022-09-19 23:58:06,766 INFO    MainThread:15664 [wandb_run.py:_redirect():1899] Redirects installed.
2022-09-19 23:58:06,766 INFO    MainThread:15664 [wandb_init.py:init():764] run started, returning control to user process
2022-09-19 23:58:12,097 WARNING MsgRouterThr:15664 [router.py:message_loop():77] message_loop has been closed
