2022-09-20 00:02:31,979 INFO    StreamThr :10280 [internal.py:wandb_internal():88] W&B internal server running at pid: 10280, started at: 2022-09-20 00:02:31.978242
2022-09-20 00:02:31,983 DEBUG   HandlerThread:10280 [handler.py:handle_request():138] handle_request: status
2022-09-20 00:02:31,985 DEBUG   SenderThread:10280 [sender.py:send_request():315] send_request: status
2022-09-20 00:02:31,990 DEBUG   SenderThread:10280 [sender.py:send():301] send: header
2022-09-20 00:02:31,990 INFO    WriterThread:10280 [datastore.py:open_for_write():75] open: C:\Users\ary93\OneDrive - Bob Jones University\Year 4 S1\CpS 499\MyAi\wandb\run-20220920_000231-1larqpnu\run-1larqpnu.wandb
2022-09-20 00:02:31,993 DEBUG   SenderThread:10280 [sender.py:send():301] send: run
2022-09-20 00:02:32,238 DEBUG   HandlerThread:10280 [handler.py:handle_request():138] handle_request: check_version
2022-09-20 00:02:32,248 INFO    SenderThread:10280 [dir_watcher.py:__init__():216] watching files in: C:\Users\ary93\OneDrive - Bob Jones University\Year 4 S1\CpS 499\MyAi\wandb\run-20220920_000231-1larqpnu\files
2022-09-20 00:02:32,248 INFO    SenderThread:10280 [sender.py:_start_run_threads():912] run started: 1larqpnu with start time 1663646551.979243
2022-09-20 00:02:32,248 DEBUG   SenderThread:10280 [sender.py:send():301] send: summary
2022-09-20 00:02:32,249 INFO    SenderThread:10280 [sender.py:_save_file():1155] saving file wandb-summary.json with policy end
2022-09-20 00:02:32,250 DEBUG   SenderThread:10280 [sender.py:send_request():315] send_request: check_version
2022-09-20 00:02:32,327 DEBUG   HandlerThread:10280 [handler.py:handle_request():138] handle_request: run_start
2022-09-20 00:02:32,361 DEBUG   HandlerThread:10280 [meta.py:__init__():34] meta init
2022-09-20 00:02:32,361 DEBUG   HandlerThread:10280 [meta.py:__init__():49] meta init done
2022-09-20 00:02:32,361 DEBUG   HandlerThread:10280 [meta.py:probe():215] probe
2022-09-20 00:02:32,402 DEBUG   HandlerThread:10280 [git.py:repo():40] git repository is invalid
2022-09-20 00:02:32,402 DEBUG   HandlerThread:10280 [meta.py:_save_code():87] save code
2022-09-20 00:02:32,403 DEBUG   HandlerThread:10280 [meta.py:_save_code():108] save code done
2022-09-20 00:02:32,404 DEBUG   HandlerThread:10280 [meta.py:_save_pip():53] save pip
2022-09-20 00:02:32,404 DEBUG   HandlerThread:10280 [meta.py:_save_pip():67] save pip done
2022-09-20 00:02:32,405 DEBUG   HandlerThread:10280 [meta.py:probe():253] probe done
2022-09-20 00:02:32,471 DEBUG   SenderThread:10280 [sender.py:send():301] send: files
2022-09-20 00:02:32,471 INFO    SenderThread:10280 [sender.py:_save_file():1155] saving file wandb-metadata.json with policy now
2022-09-20 00:02:32,472 INFO    SenderThread:10280 [sender.py:_save_file():1155] saving file code\train.py with policy now
2022-09-20 00:02:32,492 DEBUG   HandlerThread:10280 [handler.py:handle_request():138] handle_request: stop_status
2022-09-20 00:02:32,492 DEBUG   SenderThread:10280 [sender.py:send_request():315] send_request: stop_status
2022-09-20 00:02:32,582 INFO    Thread-22 :10280 [upload_job.py:push():119] Skipped uploading C:\Users\ary93\AppData\Local\Temp\tmpdvke7oi1wandb\31yivav1-code/train.py
2022-09-20 00:02:32,604 DEBUG   SenderThread:10280 [sender.py:send():301] send: telemetry
2022-09-20 00:02:32,959 INFO    Thread-21 :10280 [upload_job.py:push():139] Uploaded file C:\Users\ary93\AppData\Local\Temp\tmpdvke7oi1wandb\375n0o8s-wandb-metadata.json
2022-09-20 00:02:33,124 DEBUG   HandlerThread:10280 [handler.py:handle_request():138] handle_request: poll_exit
2022-09-20 00:02:33,125 DEBUG   SenderThread:10280 [sender.py:send():301] send: exit
2022-09-20 00:02:33,125 INFO    SenderThread:10280 [sender.py:send_exit():437] handling exit code: 1
2022-09-20 00:02:33,125 INFO    SenderThread:10280 [sender.py:send_exit():439] handling runtime: 0
2022-09-20 00:02:33,126 INFO    SenderThread:10280 [sender.py:_save_file():1155] saving file wandb-summary.json with policy end
2022-09-20 00:02:33,126 INFO    SenderThread:10280 [sender.py:send_exit():445] send defer
2022-09-20 00:02:33,126 DEBUG   SenderThread:10280 [sender.py:send_request():315] send_request: poll_exit
2022-09-20 00:02:33,127 DEBUG   HandlerThread:10280 [handler.py:handle_request():138] handle_request: defer
2022-09-20 00:02:33,127 INFO    HandlerThread:10280 [handler.py:handle_request_defer():161] handle defer: 0
2022-09-20 00:02:33,127 DEBUG   SenderThread:10280 [sender.py:send_request():315] send_request: defer
2022-09-20 00:02:33,128 INFO    SenderThread:10280 [sender.py:send_request_defer():454] handle sender defer: 0
2022-09-20 00:02:33,128 INFO    SenderThread:10280 [sender.py:transition_state():458] send defer: 1
2022-09-20 00:02:33,128 DEBUG   HandlerThread:10280 [handler.py:handle_request():138] handle_request: defer
2022-09-20 00:02:33,128 INFO    HandlerThread:10280 [handler.py:handle_request_defer():161] handle defer: 1
2022-09-20 00:02:33,213 DEBUG   SenderThread:10280 [sender.py:send_request():315] send_request: defer
2022-09-20 00:02:33,213 INFO    SenderThread:10280 [sender.py:send_request_defer():454] handle sender defer: 1
2022-09-20 00:02:33,213 INFO    SenderThread:10280 [sender.py:transition_state():458] send defer: 2
2022-09-20 00:02:33,214 DEBUG   HandlerThread:10280 [handler.py:handle_request():138] handle_request: defer
2022-09-20 00:02:33,214 DEBUG   SenderThread:10280 [sender.py:send():301] send: stats
2022-09-20 00:02:33,214 INFO    HandlerThread:10280 [handler.py:handle_request_defer():161] handle defer: 2
2022-09-20 00:02:33,215 DEBUG   SenderThread:10280 [sender.py:send_request():315] send_request: defer
2022-09-20 00:02:33,215 INFO    SenderThread:10280 [sender.py:send_request_defer():454] handle sender defer: 2
2022-09-20 00:02:33,215 INFO    SenderThread:10280 [sender.py:transition_state():458] send defer: 3
2022-09-20 00:02:33,215 DEBUG   HandlerThread:10280 [handler.py:handle_request():138] handle_request: defer
2022-09-20 00:02:33,215 INFO    HandlerThread:10280 [handler.py:handle_request_defer():161] handle defer: 3
2022-09-20 00:02:33,216 DEBUG   SenderThread:10280 [sender.py:send_request():315] send_request: defer
2022-09-20 00:02:33,216 INFO    SenderThread:10280 [sender.py:send_request_defer():454] handle sender defer: 3
2022-09-20 00:02:33,216 INFO    SenderThread:10280 [sender.py:transition_state():458] send defer: 4
2022-09-20 00:02:33,216 DEBUG   HandlerThread:10280 [handler.py:handle_request():138] handle_request: defer
2022-09-20 00:02:33,216 INFO    HandlerThread:10280 [handler.py:handle_request_defer():161] handle defer: 4
2022-09-20 00:02:33,216 DEBUG   SenderThread:10280 [sender.py:send():301] send: summary
2022-09-20 00:02:33,217 INFO    SenderThread:10280 [sender.py:_save_file():1155] saving file wandb-summary.json with policy end
2022-09-20 00:02:33,218 DEBUG   SenderThread:10280 [sender.py:send_request():315] send_request: defer
2022-09-20 00:02:33,218 INFO    SenderThread:10280 [sender.py:send_request_defer():454] handle sender defer: 4
2022-09-20 00:02:33,218 INFO    SenderThread:10280 [sender.py:transition_state():458] send defer: 5
2022-09-20 00:02:33,218 DEBUG   HandlerThread:10280 [handler.py:handle_request():138] handle_request: defer
2022-09-20 00:02:33,218 INFO    HandlerThread:10280 [handler.py:handle_request_defer():161] handle defer: 5
2022-09-20 00:02:33,218 DEBUG   SenderThread:10280 [sender.py:send_request():315] send_request: defer
2022-09-20 00:02:33,218 INFO    SenderThread:10280 [sender.py:send_request_defer():454] handle sender defer: 5
2022-09-20 00:02:33,235 DEBUG   HandlerThread:10280 [handler.py:handle_request():138] handle_request: poll_exit
2022-09-20 00:02:33,253 INFO    Thread-17 :10280 [dir_watcher.py:_on_file_created():275] file/dir created: C:\Users\ary93\OneDrive - Bob Jones University\Year 4 S1\CpS 499\MyAi\wandb\run-20220920_000231-1larqpnu\files\wandb-summary.json
2022-09-20 00:02:33,254 INFO    Thread-17 :10280 [dir_watcher.py:_on_file_created():275] file/dir created: C:\Users\ary93\OneDrive - Bob Jones University\Year 4 S1\CpS 499\MyAi\wandb\run-20220920_000231-1larqpnu\files\code\train.py
2022-09-20 00:02:33,254 INFO    Thread-17 :10280 [dir_watcher.py:_on_file_created():275] file/dir created: C:\Users\ary93\OneDrive - Bob Jones University\Year 4 S1\CpS 499\MyAi\wandb\run-20220920_000231-1larqpnu\files\wandb-metadata.json
2022-09-20 00:02:33,254 INFO    Thread-17 :10280 [dir_watcher.py:_on_file_created():275] file/dir created: C:\Users\ary93\OneDrive - Bob Jones University\Year 4 S1\CpS 499\MyAi\wandb\run-20220920_000231-1larqpnu\files\requirements.txt
2022-09-20 00:02:33,255 INFO    Thread-17 :10280 [dir_watcher.py:_on_file_created():275] file/dir created: C:\Users\ary93\OneDrive - Bob Jones University\Year 4 S1\CpS 499\MyAi\wandb\run-20220920_000231-1larqpnu\files\output.log
2022-09-20 00:02:33,255 INFO    Thread-17 :10280 [dir_watcher.py:_on_file_created():275] file/dir created: C:\Users\ary93\OneDrive - Bob Jones University\Year 4 S1\CpS 499\MyAi\wandb\run-20220920_000231-1larqpnu\files\code
2022-09-20 00:02:33,323 INFO    SenderThread:10280 [sender.py:transition_state():458] send defer: 6
2022-09-20 00:02:33,324 DEBUG   SenderThread:10280 [sender.py:send_request():315] send_request: poll_exit
2022-09-20 00:02:33,324 DEBUG   HandlerThread:10280 [handler.py:handle_request():138] handle_request: defer
2022-09-20 00:02:33,324 INFO    HandlerThread:10280 [handler.py:handle_request_defer():161] handle defer: 6
2022-09-20 00:02:33,325 DEBUG   SenderThread:10280 [sender.py:send_request():315] send_request: defer
2022-09-20 00:02:33,325 INFO    SenderThread:10280 [sender.py:send_request_defer():454] handle sender defer: 6
2022-09-20 00:02:33,433 DEBUG   HandlerThread:10280 [handler.py:handle_request():138] handle_request: poll_exit
2022-09-20 00:02:34,263 INFO    Thread-17 :10280 [dir_watcher.py:_on_file_modified():292] file/dir modified: C:\Users\ary93\OneDrive - Bob Jones University\Year 4 S1\CpS 499\MyAi\wandb\run-20220920_000231-1larqpnu\files\config.yaml
2022-09-20 00:02:35,128 INFO    SenderThread:10280 [sender.py:transition_state():458] send defer: 7
2022-09-20 00:02:35,128 DEBUG   SenderThread:10280 [sender.py:send_request():315] send_request: poll_exit
2022-09-20 00:02:35,129 DEBUG   HandlerThread:10280 [handler.py:handle_request():138] handle_request: defer
2022-09-20 00:02:35,129 INFO    HandlerThread:10280 [handler.py:handle_request_defer():161] handle defer: 7
2022-09-20 00:02:35,129 DEBUG   SenderThread:10280 [sender.py:send_request():315] send_request: defer
2022-09-20 00:02:35,130 INFO    SenderThread:10280 [sender.py:send_request_defer():454] handle sender defer: 7
2022-09-20 00:02:35,130 INFO    SenderThread:10280 [dir_watcher.py:finish():362] shutting down directory watcher
2022-09-20 00:02:35,243 DEBUG   HandlerThread:10280 [handler.py:handle_request():138] handle_request: poll_exit
2022-09-20 00:02:35,276 INFO    SenderThread:10280 [dir_watcher.py:_on_file_modified():292] file/dir modified: C:\Users\ary93\OneDrive - Bob Jones University\Year 4 S1\CpS 499\MyAi\wandb\run-20220920_000231-1larqpnu\files\output.log
2022-09-20 00:02:35,276 INFO    SenderThread:10280 [dir_watcher.py:finish():392] scan: C:\Users\ary93\OneDrive - Bob Jones University\Year 4 S1\CpS 499\MyAi\wandb\run-20220920_000231-1larqpnu\files
2022-09-20 00:02:35,276 INFO    SenderThread:10280 [dir_watcher.py:finish():406] scan save: C:\Users\ary93\OneDrive - Bob Jones University\Year 4 S1\CpS 499\MyAi\wandb\run-20220920_000231-1larqpnu\files\config.yaml config.yaml
2022-09-20 00:02:35,277 INFO    SenderThread:10280 [dir_watcher.py:finish():406] scan save: C:\Users\ary93\OneDrive - Bob Jones University\Year 4 S1\CpS 499\MyAi\wandb\run-20220920_000231-1larqpnu\files\output.log output.log
2022-09-20 00:02:35,277 INFO    SenderThread:10280 [dir_watcher.py:finish():406] scan save: C:\Users\ary93\OneDrive - Bob Jones University\Year 4 S1\CpS 499\MyAi\wandb\run-20220920_000231-1larqpnu\files\requirements.txt requirements.txt
2022-09-20 00:02:35,281 INFO    SenderThread:10280 [dir_watcher.py:finish():406] scan save: C:\Users\ary93\OneDrive - Bob Jones University\Year 4 S1\CpS 499\MyAi\wandb\run-20220920_000231-1larqpnu\files\wandb-metadata.json wandb-metadata.json
2022-09-20 00:02:35,281 INFO    SenderThread:10280 [dir_watcher.py:finish():406] scan save: C:\Users\ary93\OneDrive - Bob Jones University\Year 4 S1\CpS 499\MyAi\wandb\run-20220920_000231-1larqpnu\files\wandb-summary.json wandb-summary.json
2022-09-20 00:02:35,287 INFO    SenderThread:10280 [dir_watcher.py:finish():406] scan save: C:\Users\ary93\OneDrive - Bob Jones University\Year 4 S1\CpS 499\MyAi\wandb\run-20220920_000231-1larqpnu\files\code\train.py code\train.py
2022-09-20 00:02:35,287 INFO    SenderThread:10280 [sender.py:transition_state():458] send defer: 8
2022-09-20 00:02:35,287 DEBUG   SenderThread:10280 [sender.py:send_request():315] send_request: poll_exit
2022-09-20 00:02:35,290 DEBUG   HandlerThread:10280 [handler.py:handle_request():138] handle_request: defer
2022-09-20 00:02:35,290 INFO    HandlerThread:10280 [handler.py:handle_request_defer():161] handle defer: 8
2022-09-20 00:02:35,291 DEBUG   SenderThread:10280 [sender.py:send_request():315] send_request: defer
2022-09-20 00:02:35,291 INFO    SenderThread:10280 [sender.py:send_request_defer():454] handle sender defer: 8
2022-09-20 00:02:35,291 INFO    SenderThread:10280 [file_pusher.py:finish():168] shutting down file pusher
2022-09-20 00:02:35,397 DEBUG   HandlerThread:10280 [handler.py:handle_request():138] handle_request: poll_exit
2022-09-20 00:02:35,397 DEBUG   SenderThread:10280 [sender.py:send_request():315] send_request: poll_exit
2022-09-20 00:02:35,506 DEBUG   HandlerThread:10280 [handler.py:handle_request():138] handle_request: poll_exit
2022-09-20 00:02:35,506 DEBUG   SenderThread:10280 [sender.py:send_request():315] send_request: poll_exit
2022-09-20 00:02:35,616 DEBUG   HandlerThread:10280 [handler.py:handle_request():138] handle_request: poll_exit
2022-09-20 00:02:35,616 DEBUG   SenderThread:10280 [sender.py:send_request():315] send_request: poll_exit
2022-09-20 00:02:35,687 INFO    Thread-26 :10280 [upload_job.py:push():139] Uploaded file C:\Users\ary93\OneDrive - Bob Jones University\Year 4 S1\CpS 499\MyAi\wandb\run-20220920_000231-1larqpnu\files\wandb-summary.json
2022-09-20 00:02:35,694 INFO    Thread-24 :10280 [upload_job.py:push():139] Uploaded file C:\Users\ary93\OneDrive - Bob Jones University\Year 4 S1\CpS 499\MyAi\wandb\run-20220920_000231-1larqpnu\files\output.log
2022-09-20 00:02:35,697 INFO    Thread-25 :10280 [upload_job.py:push():139] Uploaded file C:\Users\ary93\OneDrive - Bob Jones University\Year 4 S1\CpS 499\MyAi\wandb\run-20220920_000231-1larqpnu\files\requirements.txt
2022-09-20 00:02:35,697 INFO    Thread-23 :10280 [upload_job.py:push():139] Uploaded file C:\Users\ary93\OneDrive - Bob Jones University\Year 4 S1\CpS 499\MyAi\wandb\run-20220920_000231-1larqpnu\files\config.yaml
2022-09-20 00:02:35,726 DEBUG   HandlerThread:10280 [handler.py:handle_request():138] handle_request: poll_exit
2022-09-20 00:02:35,726 DEBUG   SenderThread:10280 [sender.py:send_request():315] send_request: poll_exit
2022-09-20 00:02:35,838 DEBUG   HandlerThread:10280 [handler.py:handle_request():138] handle_request: poll_exit
2022-09-20 00:02:35,838 DEBUG   SenderThread:10280 [sender.py:send_request():315] send_request: poll_exit
2022-09-20 00:02:35,900 INFO    Thread-16 :10280 [sender.py:transition_state():458] send defer: 9
2022-09-20 00:02:35,900 DEBUG   HandlerThread:10280 [handler.py:handle_request():138] handle_request: defer
2022-09-20 00:02:35,900 INFO    HandlerThread:10280 [handler.py:handle_request_defer():161] handle defer: 9
2022-09-20 00:02:35,900 DEBUG   SenderThread:10280 [sender.py:send_request():315] send_request: defer
2022-09-20 00:02:35,901 INFO    SenderThread:10280 [sender.py:send_request_defer():454] handle sender defer: 9
2022-09-20 00:02:35,946 DEBUG   HandlerThread:10280 [handler.py:handle_request():138] handle_request: poll_exit
2022-09-20 00:02:36,086 INFO    SenderThread:10280 [sender.py:transition_state():458] send defer: 10
2022-09-20 00:02:36,086 DEBUG   SenderThread:10280 [sender.py:send_request():315] send_request: poll_exit
2022-09-20 00:02:36,087 DEBUG   HandlerThread:10280 [handler.py:handle_request():138] handle_request: defer
2022-09-20 00:02:36,087 INFO    HandlerThread:10280 [handler.py:handle_request_defer():161] handle defer: 10
2022-09-20 00:02:36,087 DEBUG   SenderThread:10280 [sender.py:send_request():315] send_request: defer
2022-09-20 00:02:36,087 INFO    SenderThread:10280 [sender.py:send_request_defer():454] handle sender defer: 10
2022-09-20 00:02:36,087 INFO    SenderThread:10280 [sender.py:transition_state():458] send defer: 11
2022-09-20 00:02:36,088 DEBUG   SenderThread:10280 [sender.py:send():301] send: final
2022-09-20 00:02:36,089 DEBUG   SenderThread:10280 [sender.py:send():301] send: footer
2022-09-20 00:02:36,089 DEBUG   HandlerThread:10280 [handler.py:handle_request():138] handle_request: defer
2022-09-20 00:02:36,089 INFO    HandlerThread:10280 [handler.py:handle_request_defer():161] handle defer: 11
2022-09-20 00:02:36,089 DEBUG   SenderThread:10280 [sender.py:send_request():315] send_request: defer
2022-09-20 00:02:36,089 INFO    SenderThread:10280 [sender.py:send_request_defer():454] handle sender defer: 11
2022-09-20 00:02:36,196 DEBUG   HandlerThread:10280 [handler.py:handle_request():138] handle_request: poll_exit
2022-09-20 00:02:36,196 DEBUG   SenderThread:10280 [sender.py:send_request():315] send_request: poll_exit
2022-09-20 00:02:36,196 INFO    SenderThread:10280 [file_pusher.py:join():173] waiting for file pusher
2022-09-20 00:02:36,506 DEBUG   HandlerThread:10280 [handler.py:handle_request():138] handle_request: sampled_history
2022-09-20 00:02:36,507 DEBUG   HandlerThread:10280 [handler.py:handle_request():138] handle_request: get_summary
2022-09-20 00:02:36,507 INFO    MainThread:10280 [wandb_run.py:_footer_history_summary_info():3321] rendering history
2022-09-20 00:02:36,507 INFO    MainThread:10280 [wandb_run.py:_footer_history_summary_info():3353] rendering summary
2022-09-20 00:02:36,507 INFO    MainThread:10280 [wandb_run.py:_footer_sync_info():3277] logging synced files
2022-09-20 00:02:36,510 DEBUG   HandlerThread:10280 [handler.py:handle_request():138] handle_request: shutdown
2022-09-20 00:02:36,510 INFO    HandlerThread:10280 [handler.py:finish():807] shutting down handler
2022-09-20 00:02:37,098 INFO    WriterThread:10280 [datastore.py:close():279] close: C:\Users\ary93\OneDrive - Bob Jones University\Year 4 S1\CpS 499\MyAi\wandb\run-20220920_000231-1larqpnu\run-1larqpnu.wandb
2022-09-20 00:02:37,408 INFO    SenderThread:10280 [sender.py:finish():1315] shutting down sender
2022-09-20 00:02:37,408 INFO    SenderThread:10280 [file_pusher.py:finish():168] shutting down file pusher
2022-09-20 00:02:37,408 INFO    SenderThread:10280 [file_pusher.py:join():173] waiting for file pusher
2022-09-20 00:02:37,519 INFO    MainThread:10280 [internal.py:handle_exit():78] Internal process exited
