2022-09-20 00:03:45,208 INFO    StreamThr :24732 [internal.py:wandb_internal():88] W&B internal server running at pid: 24732, started at: 2022-09-20 00:03:45.207924
2022-09-20 00:03:45,210 DEBUG   HandlerThread:24732 [handler.py:handle_request():138] handle_request: status
2022-09-20 00:03:45,213 DEBUG   SenderThread:24732 [sender.py:send_request():315] send_request: status
2022-09-20 00:03:45,217 DEBUG   SenderThread:24732 [sender.py:send():301] send: header
2022-09-20 00:03:45,217 INFO    WriterThread:24732 [datastore.py:open_for_write():75] open: C:\Users\ary93\OneDrive - Bob Jones University\Year 4 S1\CpS 499\MyAi\wandb\run-20220920_000345-1pq97nrg\run-1pq97nrg.wandb
2022-09-20 00:03:45,219 DEBUG   SenderThread:24732 [sender.py:send():301] send: run
2022-09-20 00:03:45,472 DEBUG   HandlerThread:24732 [handler.py:handle_request():138] handle_request: check_version
2022-09-20 00:03:45,473 INFO    SenderThread:24732 [dir_watcher.py:__init__():216] watching files in: C:\Users\ary93\OneDrive - Bob Jones University\Year 4 S1\CpS 499\MyAi\wandb\run-20220920_000345-1pq97nrg\files
2022-09-20 00:03:45,474 INFO    SenderThread:24732 [sender.py:_start_run_threads():912] run started: 1pq97nrg with start time 1663646625.209925
2022-09-20 00:03:45,474 DEBUG   SenderThread:24732 [sender.py:send():301] send: summary
2022-09-20 00:03:45,474 INFO    SenderThread:24732 [sender.py:_save_file():1155] saving file wandb-summary.json with policy end
2022-09-20 00:03:45,475 DEBUG   SenderThread:24732 [sender.py:send_request():315] send_request: check_version
2022-09-20 00:03:45,568 DEBUG   HandlerThread:24732 [handler.py:handle_request():138] handle_request: run_start
2022-09-20 00:03:45,597 DEBUG   HandlerThread:24732 [meta.py:__init__():34] meta init
2022-09-20 00:03:45,597 DEBUG   HandlerThread:24732 [meta.py:__init__():49] meta init done
2022-09-20 00:03:45,597 DEBUG   HandlerThread:24732 [meta.py:probe():215] probe
2022-09-20 00:03:45,638 DEBUG   HandlerThread:24732 [git.py:repo():40] git repository is invalid
2022-09-20 00:03:45,638 DEBUG   HandlerThread:24732 [meta.py:_save_code():87] save code
2022-09-20 00:03:45,639 DEBUG   HandlerThread:24732 [meta.py:_save_code():108] save code done
2022-09-20 00:03:45,639 DEBUG   HandlerThread:24732 [meta.py:_save_pip():53] save pip
2022-09-20 00:03:45,648 DEBUG   HandlerThread:24732 [meta.py:_save_pip():67] save pip done
2022-09-20 00:03:45,648 DEBUG   HandlerThread:24732 [meta.py:probe():253] probe done
2022-09-20 00:03:45,711 DEBUG   SenderThread:24732 [sender.py:send():301] send: files
2022-09-20 00:03:45,712 INFO    SenderThread:24732 [sender.py:_save_file():1155] saving file wandb-metadata.json with policy now
2022-09-20 00:03:45,713 INFO    SenderThread:24732 [sender.py:_save_file():1155] saving file code\train.py with policy now
2022-09-20 00:03:45,731 DEBUG   HandlerThread:24732 [handler.py:handle_request():138] handle_request: stop_status
2022-09-20 00:03:45,731 DEBUG   SenderThread:24732 [sender.py:send_request():315] send_request: stop_status
2022-09-20 00:03:45,951 INFO    Thread-22 :24732 [upload_job.py:push():119] Skipped uploading C:\Users\ary93\AppData\Local\Temp\tmp9bpz_sbawandb\ekn0uvhg-code/train.py
2022-09-20 00:03:45,958 DEBUG   SenderThread:24732 [sender.py:send():301] send: telemetry
2022-09-20 00:03:46,293 INFO    Thread-21 :24732 [upload_job.py:push():139] Uploaded file C:\Users\ary93\AppData\Local\Temp\tmp9bpz_sbawandb\2teir2st-wandb-metadata.json
2022-09-20 00:03:46,375 DEBUG   SenderThread:24732 [sender.py:send():301] send: exit
2022-09-20 00:03:46,375 INFO    SenderThread:24732 [sender.py:send_exit():437] handling exit code: 1
2022-09-20 00:03:46,375 DEBUG   HandlerThread:24732 [handler.py:handle_request():138] handle_request: poll_exit
2022-09-20 00:03:46,376 INFO    SenderThread:24732 [sender.py:send_exit():439] handling runtime: 0
2022-09-20 00:03:46,378 INFO    SenderThread:24732 [sender.py:_save_file():1155] saving file wandb-summary.json with policy end
2022-09-20 00:03:46,379 INFO    SenderThread:24732 [sender.py:send_exit():445] send defer
2022-09-20 00:03:46,379 DEBUG   SenderThread:24732 [sender.py:send_request():315] send_request: poll_exit
2022-09-20 00:03:46,380 DEBUG   HandlerThread:24732 [handler.py:handle_request():138] handle_request: defer
2022-09-20 00:03:46,380 INFO    HandlerThread:24732 [handler.py:handle_request_defer():161] handle defer: 0
2022-09-20 00:03:46,381 DEBUG   SenderThread:24732 [sender.py:send_request():315] send_request: defer
2022-09-20 00:03:46,381 INFO    SenderThread:24732 [sender.py:send_request_defer():454] handle sender defer: 0
2022-09-20 00:03:46,381 INFO    SenderThread:24732 [sender.py:transition_state():458] send defer: 1
2022-09-20 00:03:46,382 DEBUG   HandlerThread:24732 [handler.py:handle_request():138] handle_request: defer
2022-09-20 00:03:46,382 INFO    HandlerThread:24732 [handler.py:handle_request_defer():161] handle defer: 1
2022-09-20 00:03:46,446 DEBUG   SenderThread:24732 [sender.py:send_request():315] send_request: defer
2022-09-20 00:03:46,447 INFO    SenderThread:24732 [sender.py:send_request_defer():454] handle sender defer: 1
2022-09-20 00:03:46,447 INFO    SenderThread:24732 [sender.py:transition_state():458] send defer: 2
2022-09-20 00:03:46,447 DEBUG   SenderThread:24732 [sender.py:send():301] send: stats
2022-09-20 00:03:46,447 DEBUG   HandlerThread:24732 [handler.py:handle_request():138] handle_request: defer
2022-09-20 00:03:46,448 INFO    HandlerThread:24732 [handler.py:handle_request_defer():161] handle defer: 2
2022-09-20 00:03:46,448 DEBUG   SenderThread:24732 [sender.py:send_request():315] send_request: defer
2022-09-20 00:03:46,448 INFO    SenderThread:24732 [sender.py:send_request_defer():454] handle sender defer: 2
2022-09-20 00:03:46,448 INFO    SenderThread:24732 [sender.py:transition_state():458] send defer: 3
2022-09-20 00:03:46,449 DEBUG   HandlerThread:24732 [handler.py:handle_request():138] handle_request: defer
2022-09-20 00:03:46,449 INFO    HandlerThread:24732 [handler.py:handle_request_defer():161] handle defer: 3
2022-09-20 00:03:46,449 DEBUG   SenderThread:24732 [sender.py:send_request():315] send_request: defer
2022-09-20 00:03:46,449 INFO    SenderThread:24732 [sender.py:send_request_defer():454] handle sender defer: 3
2022-09-20 00:03:46,449 INFO    SenderThread:24732 [sender.py:transition_state():458] send defer: 4
2022-09-20 00:03:46,450 DEBUG   HandlerThread:24732 [handler.py:handle_request():138] handle_request: defer
2022-09-20 00:03:46,450 INFO    HandlerThread:24732 [handler.py:handle_request_defer():161] handle defer: 4
2022-09-20 00:03:46,450 DEBUG   SenderThread:24732 [sender.py:send():301] send: summary
2022-09-20 00:03:46,451 INFO    SenderThread:24732 [sender.py:_save_file():1155] saving file wandb-summary.json with policy end
2022-09-20 00:03:46,452 DEBUG   SenderThread:24732 [sender.py:send_request():315] send_request: defer
2022-09-20 00:03:46,452 INFO    SenderThread:24732 [sender.py:send_request_defer():454] handle sender defer: 4
2022-09-20 00:03:46,452 INFO    SenderThread:24732 [sender.py:transition_state():458] send defer: 5
2022-09-20 00:03:46,452 DEBUG   HandlerThread:24732 [handler.py:handle_request():138] handle_request: defer
2022-09-20 00:03:46,453 INFO    HandlerThread:24732 [handler.py:handle_request_defer():161] handle defer: 5
2022-09-20 00:03:46,453 DEBUG   SenderThread:24732 [sender.py:send_request():315] send_request: defer
2022-09-20 00:03:46,453 INFO    SenderThread:24732 [sender.py:send_request_defer():454] handle sender defer: 5
2022-09-20 00:03:46,481 INFO    Thread-17 :24732 [dir_watcher.py:_on_file_created():275] file/dir created: C:\Users\ary93\OneDrive - Bob Jones University\Year 4 S1\CpS 499\MyAi\wandb\run-20220920_000345-1pq97nrg\files\output.log
2022-09-20 00:03:46,481 INFO    Thread-17 :24732 [dir_watcher.py:_on_file_created():275] file/dir created: C:\Users\ary93\OneDrive - Bob Jones University\Year 4 S1\CpS 499\MyAi\wandb\run-20220920_000345-1pq97nrg\files\wandb-summary.json
2022-09-20 00:03:46,482 INFO    Thread-17 :24732 [dir_watcher.py:_on_file_created():275] file/dir created: C:\Users\ary93\OneDrive - Bob Jones University\Year 4 S1\CpS 499\MyAi\wandb\run-20220920_000345-1pq97nrg\files\wandb-metadata.json
2022-09-20 00:03:46,482 INFO    Thread-17 :24732 [dir_watcher.py:_on_file_created():275] file/dir created: C:\Users\ary93\OneDrive - Bob Jones University\Year 4 S1\CpS 499\MyAi\wandb\run-20220920_000345-1pq97nrg\files\requirements.txt
2022-09-20 00:03:46,482 INFO    Thread-17 :24732 [dir_watcher.py:_on_file_created():275] file/dir created: C:\Users\ary93\OneDrive - Bob Jones University\Year 4 S1\CpS 499\MyAi\wandb\run-20220920_000345-1pq97nrg\files\code\train.py
2022-09-20 00:03:46,483 INFO    Thread-17 :24732 [dir_watcher.py:_on_file_created():275] file/dir created: C:\Users\ary93\OneDrive - Bob Jones University\Year 4 S1\CpS 499\MyAi\wandb\run-20220920_000345-1pq97nrg\files\code
2022-09-20 00:03:46,490 DEBUG   HandlerThread:24732 [handler.py:handle_request():138] handle_request: poll_exit
2022-09-20 00:03:46,589 INFO    SenderThread:24732 [sender.py:transition_state():458] send defer: 6
2022-09-20 00:03:46,590 DEBUG   SenderThread:24732 [sender.py:send_request():315] send_request: poll_exit
2022-09-20 00:03:46,590 DEBUG   HandlerThread:24732 [handler.py:handle_request():138] handle_request: defer
2022-09-20 00:03:46,590 INFO    HandlerThread:24732 [handler.py:handle_request_defer():161] handle defer: 6
2022-09-20 00:03:46,591 DEBUG   SenderThread:24732 [sender.py:send_request():315] send_request: defer
2022-09-20 00:03:46,591 INFO    SenderThread:24732 [sender.py:send_request_defer():454] handle sender defer: 6
2022-09-20 00:03:46,694 DEBUG   HandlerThread:24732 [handler.py:handle_request():138] handle_request: poll_exit
2022-09-20 00:03:47,489 INFO    Thread-17 :24732 [dir_watcher.py:_on_file_modified():292] file/dir modified: C:\Users\ary93\OneDrive - Bob Jones University\Year 4 S1\CpS 499\MyAi\wandb\run-20220920_000345-1pq97nrg\files\config.yaml
2022-09-20 00:03:48,408 INFO    SenderThread:24732 [sender.py:transition_state():458] send defer: 7
2022-09-20 00:03:48,409 DEBUG   SenderThread:24732 [sender.py:send_request():315] send_request: poll_exit
2022-09-20 00:03:48,409 DEBUG   HandlerThread:24732 [handler.py:handle_request():138] handle_request: defer
2022-09-20 00:03:48,410 INFO    HandlerThread:24732 [handler.py:handle_request_defer():161] handle defer: 7
2022-09-20 00:03:48,410 DEBUG   SenderThread:24732 [sender.py:send_request():315] send_request: defer
2022-09-20 00:03:48,410 INFO    SenderThread:24732 [sender.py:send_request_defer():454] handle sender defer: 7
2022-09-20 00:03:48,410 INFO    SenderThread:24732 [dir_watcher.py:finish():362] shutting down directory watcher
2022-09-20 00:03:48,498 INFO    SenderThread:24732 [dir_watcher.py:_on_file_modified():292] file/dir modified: C:\Users\ary93\OneDrive - Bob Jones University\Year 4 S1\CpS 499\MyAi\wandb\run-20220920_000345-1pq97nrg\files\output.log
2022-09-20 00:03:48,499 INFO    SenderThread:24732 [dir_watcher.py:finish():392] scan: C:\Users\ary93\OneDrive - Bob Jones University\Year 4 S1\CpS 499\MyAi\wandb\run-20220920_000345-1pq97nrg\files
2022-09-20 00:03:48,499 INFO    SenderThread:24732 [dir_watcher.py:finish():406] scan save: C:\Users\ary93\OneDrive - Bob Jones University\Year 4 S1\CpS 499\MyAi\wandb\run-20220920_000345-1pq97nrg\files\config.yaml config.yaml
2022-09-20 00:03:48,500 INFO    SenderThread:24732 [dir_watcher.py:finish():406] scan save: C:\Users\ary93\OneDrive - Bob Jones University\Year 4 S1\CpS 499\MyAi\wandb\run-20220920_000345-1pq97nrg\files\output.log output.log
2022-09-20 00:03:48,500 INFO    SenderThread:24732 [dir_watcher.py:finish():406] scan save: C:\Users\ary93\OneDrive - Bob Jones University\Year 4 S1\CpS 499\MyAi\wandb\run-20220920_000345-1pq97nrg\files\requirements.txt requirements.txt
2022-09-20 00:03:48,503 INFO    SenderThread:24732 [dir_watcher.py:finish():406] scan save: C:\Users\ary93\OneDrive - Bob Jones University\Year 4 S1\CpS 499\MyAi\wandb\run-20220920_000345-1pq97nrg\files\wandb-metadata.json wandb-metadata.json
2022-09-20 00:03:48,503 INFO    SenderThread:24732 [dir_watcher.py:finish():406] scan save: C:\Users\ary93\OneDrive - Bob Jones University\Year 4 S1\CpS 499\MyAi\wandb\run-20220920_000345-1pq97nrg\files\wandb-summary.json wandb-summary.json
2022-09-20 00:03:48,508 INFO    SenderThread:24732 [dir_watcher.py:finish():406] scan save: C:\Users\ary93\OneDrive - Bob Jones University\Year 4 S1\CpS 499\MyAi\wandb\run-20220920_000345-1pq97nrg\files\code\train.py code\train.py
2022-09-20 00:03:48,508 INFO    SenderThread:24732 [sender.py:transition_state():458] send defer: 8
2022-09-20 00:03:48,512 DEBUG   HandlerThread:24732 [handler.py:handle_request():138] handle_request: defer
2022-09-20 00:03:48,512 INFO    HandlerThread:24732 [handler.py:handle_request_defer():161] handle defer: 8
2022-09-20 00:03:48,512 DEBUG   SenderThread:24732 [sender.py:send_request():315] send_request: defer
2022-09-20 00:03:48,512 INFO    SenderThread:24732 [sender.py:send_request_defer():454] handle sender defer: 8
2022-09-20 00:03:48,512 INFO    SenderThread:24732 [file_pusher.py:finish():168] shutting down file pusher
2022-09-20 00:03:48,513 DEBUG   HandlerThread:24732 [handler.py:handle_request():138] handle_request: poll_exit
2022-09-20 00:03:48,513 DEBUG   SenderThread:24732 [sender.py:send_request():315] send_request: poll_exit
2022-09-20 00:03:48,628 DEBUG   HandlerThread:24732 [handler.py:handle_request():138] handle_request: poll_exit
2022-09-20 00:03:48,628 DEBUG   SenderThread:24732 [sender.py:send_request():315] send_request: poll_exit
2022-09-20 00:03:48,730 DEBUG   HandlerThread:24732 [handler.py:handle_request():138] handle_request: poll_exit
2022-09-20 00:03:48,730 DEBUG   SenderThread:24732 [sender.py:send_request():315] send_request: poll_exit
2022-09-20 00:03:48,842 DEBUG   HandlerThread:24732 [handler.py:handle_request():138] handle_request: poll_exit
2022-09-20 00:03:48,842 DEBUG   SenderThread:24732 [sender.py:send_request():315] send_request: poll_exit
2022-09-20 00:03:48,916 INFO    Thread-24 :24732 [upload_job.py:push():139] Uploaded file C:\Users\ary93\OneDrive - Bob Jones University\Year 4 S1\CpS 499\MyAi\wandb\run-20220920_000345-1pq97nrg\files\output.log
2022-09-20 00:03:48,936 INFO    Thread-23 :24732 [upload_job.py:push():139] Uploaded file C:\Users\ary93\OneDrive - Bob Jones University\Year 4 S1\CpS 499\MyAi\wandb\run-20220920_000345-1pq97nrg\files\config.yaml
2022-09-20 00:03:48,949 DEBUG   HandlerThread:24732 [handler.py:handle_request():138] handle_request: poll_exit
2022-09-20 00:03:48,949 DEBUG   SenderThread:24732 [sender.py:send_request():315] send_request: poll_exit
2022-09-20 00:03:48,997 INFO    Thread-26 :24732 [upload_job.py:push():139] Uploaded file C:\Users\ary93\OneDrive - Bob Jones University\Year 4 S1\CpS 499\MyAi\wandb\run-20220920_000345-1pq97nrg\files\wandb-summary.json
2022-09-20 00:03:49,023 INFO    Thread-25 :24732 [upload_job.py:push():139] Uploaded file C:\Users\ary93\OneDrive - Bob Jones University\Year 4 S1\CpS 499\MyAi\wandb\run-20220920_000345-1pq97nrg\files\requirements.txt
2022-09-20 00:03:49,058 DEBUG   HandlerThread:24732 [handler.py:handle_request():138] handle_request: poll_exit
2022-09-20 00:03:49,058 DEBUG   SenderThread:24732 [sender.py:send_request():315] send_request: poll_exit
2022-09-20 00:03:49,168 DEBUG   HandlerThread:24732 [handler.py:handle_request():138] handle_request: poll_exit
2022-09-20 00:03:49,168 DEBUG   SenderThread:24732 [sender.py:send_request():315] send_request: poll_exit
2022-09-20 00:03:49,231 INFO    Thread-16 :24732 [sender.py:transition_state():458] send defer: 9
2022-09-20 00:03:49,231 DEBUG   HandlerThread:24732 [handler.py:handle_request():138] handle_request: defer
2022-09-20 00:03:49,231 INFO    HandlerThread:24732 [handler.py:handle_request_defer():161] handle defer: 9
2022-09-20 00:03:49,231 DEBUG   SenderThread:24732 [sender.py:send_request():315] send_request: defer
2022-09-20 00:03:49,232 INFO    SenderThread:24732 [sender.py:send_request_defer():454] handle sender defer: 9
2022-09-20 00:03:49,277 DEBUG   HandlerThread:24732 [handler.py:handle_request():138] handle_request: poll_exit
2022-09-20 00:03:49,508 INFO    SenderThread:24732 [sender.py:transition_state():458] send defer: 10
2022-09-20 00:03:49,508 DEBUG   SenderThread:24732 [sender.py:send_request():315] send_request: poll_exit
2022-09-20 00:03:49,509 DEBUG   HandlerThread:24732 [handler.py:handle_request():138] handle_request: defer
2022-09-20 00:03:49,509 INFO    HandlerThread:24732 [handler.py:handle_request_defer():161] handle defer: 10
2022-09-20 00:03:49,509 DEBUG   SenderThread:24732 [sender.py:send_request():315] send_request: defer
2022-09-20 00:03:49,509 INFO    SenderThread:24732 [sender.py:send_request_defer():454] handle sender defer: 10
2022-09-20 00:03:49,510 INFO    SenderThread:24732 [sender.py:transition_state():458] send defer: 11
2022-09-20 00:03:49,511 DEBUG   SenderThread:24732 [sender.py:send():301] send: final
2022-09-20 00:03:49,511 DEBUG   SenderThread:24732 [sender.py:send():301] send: footer
2022-09-20 00:03:49,511 DEBUG   HandlerThread:24732 [handler.py:handle_request():138] handle_request: defer
2022-09-20 00:03:49,511 INFO    HandlerThread:24732 [handler.py:handle_request_defer():161] handle defer: 11
2022-09-20 00:03:49,511 DEBUG   SenderThread:24732 [sender.py:send_request():315] send_request: defer
2022-09-20 00:03:49,511 INFO    SenderThread:24732 [sender.py:send_request_defer():454] handle sender defer: 11
2022-09-20 00:03:49,620 DEBUG   HandlerThread:24732 [handler.py:handle_request():138] handle_request: poll_exit
2022-09-20 00:03:49,620 DEBUG   SenderThread:24732 [sender.py:send_request():315] send_request: poll_exit
2022-09-20 00:03:49,620 INFO    SenderThread:24732 [file_pusher.py:join():173] waiting for file pusher
2022-09-20 00:03:49,917 DEBUG   HandlerThread:24732 [handler.py:handle_request():138] handle_request: sampled_history
2022-09-20 00:03:49,918 DEBUG   HandlerThread:24732 [handler.py:handle_request():138] handle_request: get_summary
2022-09-20 00:03:49,918 INFO    MainThread:24732 [wandb_run.py:_footer_history_summary_info():3321] rendering history
2022-09-20 00:03:49,918 INFO    MainThread:24732 [wandb_run.py:_footer_history_summary_info():3353] rendering summary
2022-09-20 00:03:49,918 INFO    MainThread:24732 [wandb_run.py:_footer_sync_info():3277] logging synced files
2022-09-20 00:03:49,922 DEBUG   HandlerThread:24732 [handler.py:handle_request():138] handle_request: shutdown
2022-09-20 00:03:49,922 INFO    HandlerThread:24732 [handler.py:finish():807] shutting down handler
2022-09-20 00:03:50,522 INFO    WriterThread:24732 [datastore.py:close():279] close: C:\Users\ary93\OneDrive - Bob Jones University\Year 4 S1\CpS 499\MyAi\wandb\run-20220920_000345-1pq97nrg\run-1pq97nrg.wandb
2022-09-20 00:03:50,816 INFO    SenderThread:24732 [sender.py:finish():1315] shutting down sender
2022-09-20 00:03:50,816 INFO    SenderThread:24732 [file_pusher.py:finish():168] shutting down file pusher
2022-09-20 00:03:50,816 INFO    SenderThread:24732 [file_pusher.py:join():173] waiting for file pusher
2022-09-20 00:03:50,929 INFO    MainThread:24732 [internal.py:handle_exit():78] Internal process exited
